{"D:\\diplomm\\frontend\\src\\App.tsx": {"path":"D:\\diplomm\\frontend\\src\\App.tsx","statementMap":{"0":{"start":{"line":17,"column":0},"end":{"line":21,"column":null}},"1":{"start":{"line":24,"column":2},"end":{"line":89,"column":null}}},"fnMap":{"0":{"name":"App","decl":{"start":{"line":23,"column":24},"end":{"line":23,"column":30}},"loc":{"start":{"line":23,"column":30},"end":{"line":89,"column":null}},"line":23}},"branchMap":{},"s":{"0":0,"1":0},"f":{"0":0},"b":{},"meta":{"lastBranch":0,"lastFunction":1,"lastStatement":2,"seen":{"s:17:0:21:Infinity":0,"f:23:24:23:30":0,"s:24:2:89:Infinity":1}}}
,"D:\\diplomm\\frontend\\src\\main.tsx": {"path":"D:\\diplomm\\frontend\\src\\main.tsx","statementMap":{"0":{"start":{"line":13,"column":10},"end":{"line":13,"column":29}},"1":{"start":{"line":15,"column":2},"end":{"line":23,"column":null}},"2":{"start":{"line":27,"column":0},"end":{"line":33,"column":null}}},"fnMap":{"0":{"name":"ThemedApp","decl":{"start":{"line":12,"column":9},"end":{"line":12,"column":21}},"loc":{"start":{"line":12,"column":21},"end":{"line":23,"column":null}},"line":12}},"branchMap":{},"s":{"0":0,"1":0,"2":0},"f":{"0":0},"b":{},"meta":{"lastBranch":0,"lastFunction":1,"lastStatement":3,"seen":{"f:12:9:12:21":0,"s:13:10:13:29":0,"s:15:2:23:Infinity":1,"s:27:0:33:Infinity":2}}}
,"D:\\diplomm\\frontend\\src\\api\\http.ts": {"path":"D:\\diplomm\\frontend\\src\\api\\http.ts","statementMap":{"0":{"start":{"line":4,"column":28},"end":{"line":4,"column":null}},"1":{"start":{"line":5,"column":47},"end":{"line":5,"column":null}},"2":{"start":{"line":8,"column":2},"end":{"line":8,"column":null}},"3":{"start":{"line":11,"column":20},"end":{"line":13,"column":2}},"4":{"start":{"line":15,"column":0},"end":{"line":21,"column":null}},"5":{"start":{"line":16,"column":8},"end":{"line":16,"column":32}},"6":{"start":{"line":17,"column":2},"end":{"line":18,"column":null}},"7":{"start":{"line":18,"column":4},"end":{"line":18,"column":null}},"8":{"start":{"line":20,"column":2},"end":{"line":20,"column":null}},"9":{"start":{"line":23,"column":0},"end":{"line":31,"column":null}},"10":{"start":{"line":24,"column":16},"end":{"line":24,"column":null}},"11":{"start":{"line":26,"column":4},"end":{"line":27,"column":null}},"12":{"start":{"line":27,"column":6},"end":{"line":27,"column":null}},"13":{"start":{"line":29,"column":4},"end":{"line":29,"column":null}}},"fnMap":{"0":{"name":"setUnauthorizedHandler","decl":{"start":{"line":7,"column":16},"end":{"line":7,"column":39}},"loc":{"start":{"line":7,"column":75},"end":{"line":8,"column":null}},"line":7},"1":{"name":"(anonymous_1)","decl":{"start":{"line":15,"column":26},"end":{"line":15,"column":31}},"loc":{"start":{"line":15,"column":42},"end":{"line":21,"column":null}},"line":15},"2":{"name":"(anonymous_2)","decl":{"start":{"line":23,"column":27},"end":{"line":23,"column":null}},"loc":{"start":{"line":24,"column":16},"end":{"line":24,"column":null}},"line":24},"3":{"name":"(anonymous_3)","decl":{"start":{"line":25,"column":2},"end":{"line":25,"column":9}},"loc":{"start":{"line":25,"column":19},"end":{"line":31,"column":null}},"line":25}},"branchMap":{"0":{"loc":{"start":{"line":4,"column":28},"end":{"line":4,"column":null}},"type":"binary-expr","locations":[{"start":{"line":4,"column":28},"end":{"line":4,"column":65}},{"start":{"line":4,"column":65},"end":{"line":4,"column":null}}],"line":4},"1":{"loc":{"start":{"line":17,"column":2},"end":{"line":18,"column":null}},"type":"if","locations":[{"start":{"line":17,"column":2},"end":{"line":18,"column":null}},{"start":{},"end":{}}],"line":17},"2":{"loc":{"start":{"line":26,"column":4},"end":{"line":27,"column":null}},"type":"if","locations":[{"start":{"line":26,"column":4},"end":{"line":27,"column":null}},{"start":{},"end":{}}],"line":26}},"s":{"0":1,"1":1,"2":4,"3":1,"4":1,"5":2,"6":2,"7":1,"8":2,"9":1,"10":0,"11":1,"12":1,"13":1},"f":{"0":4,"1":2,"2":0,"3":1},"b":{"0":[1,1],"1":[1,1],"2":[1,0]},"meta":{"lastBranch":3,"lastFunction":4,"lastStatement":14,"seen":{"s:4:28:4:Infinity":0,"b:4:28:4:65:4:65:4:Infinity":0,"s:5:47:5:Infinity":1,"f:7:16:7:39":0,"s:8:2:8:Infinity":2,"s:11:20:13:2":3,"s:15:0:21:Infinity":4,"f:15:26:15:31":1,"s:16:8:16:32":5,"b:17:2:18:Infinity:undefined:undefined:undefined:undefined":1,"s:17:2:18:Infinity":6,"s:18:4:18:Infinity":7,"s:20:2:20:Infinity":8,"s:23:0:31:Infinity":9,"f:23:27:23:Infinity":2,"s:24:16:24:Infinity":10,"f:25:2:25:9":3,"b:26:4:27:Infinity:undefined:undefined:undefined:undefined":2,"s:26:4:27:Infinity":11,"s:27:6:27:Infinity":12,"s:29:4:29:Infinity":13}}}
,"D:\\diplomm\\frontend\\src\\auth\\AuthContext.tsx": {"path":"D:\\diplomm\\frontend\\src\\auth\\AuthContext.tsx","statementMap":{"0":{"start":{"line":21,"column":6},"end":{"line":21,"column":74}},"1":{"start":{"line":24,"column":8},"end":{"line":24,"column":32}},"2":{"start":{"line":25,"column":2},"end":{"line":31,"column":null}},"3":{"start":{"line":35,"column":16},"end":{"line":35,"column":64}},"4":{"start":{"line":36,"column":8},"end":{"line":45,"column":8}},"5":{"start":{"line":37,"column":4},"end":{"line":37,"column":null}},"6":{"start":{"line":38,"column":4},"end":{"line":44,"column":null}},"7":{"start":{"line":47,"column":8},"end":{"line":62,"column":8}},"8":{"start":{"line":48,"column":10},"end":{"line":48,"column":34}},"9":{"start":{"line":49,"column":4},"end":{"line":49,"column":null}},"10":{"start":{"line":49,"column":16},"end":{"line":49,"column":null}},"11":{"start":{"line":50,"column":4},"end":{"line":59,"column":null}},"12":{"start":{"line":51,"column":18},"end":{"line":51,"column":128}},"13":{"start":{"line":52,"column":6},"end":{"line":58,"column":null}},"14":{"start":{"line":52,"column":26},"end":{"line":58,"column":9}},"15":{"start":{"line":64,"column":2},"end":{"line":66,"column":null}},"16":{"start":{"line":65,"column":4},"end":{"line":65,"column":null}},"17":{"start":{"line":65,"column":21},"end":{"line":65,"column":null}},"18":{"start":{"line":68,"column":2},"end":{"line":73,"column":null}},"19":{"start":{"line":69,"column":4},"end":{"line":71,"column":null}},"20":{"start":{"line":70,"column":6},"end":{"line":70,"column":null}},"21":{"start":{"line":72,"column":4},"end":{"line":72,"column":null}},"22":{"start":{"line":72,"column":4},"end":{"line":72,"column":45}},"23":{"start":{"line":75,"column":8},"end":{"line":94,"column":35}},"24":{"start":{"line":76,"column":4},"end":{"line":93,"column":null}},"25":{"start":{"line":80,"column":8},"end":{"line":80,"column":null}},"26":{"start":{"line":81,"column":8},"end":{"line":87,"column":null}},"27":{"start":{"line":90,"column":8},"end":{"line":90,"column":null}},"28":{"start":{"line":96,"column":2},"end":{"line":96,"column":null}},"29":{"start":{"line":100,"column":8},"end":{"line":100,"column":41}},"30":{"start":{"line":101,"column":2},"end":{"line":102,"column":null}},"31":{"start":{"line":102,"column":4},"end":{"line":102,"column":null}},"32":{"start":{"line":104,"column":2},"end":{"line":104,"column":null}}},"fnMap":{"0":{"name":"getInitialState","decl":{"start":{"line":23,"column":9},"end":{"line":23,"column":38}},"loc":{"start":{"line":23,"column":38},"end":{"line":31,"column":null}},"line":23},"1":{"name":"AuthProvider","decl":{"start":{"line":34,"column":16},"end":{"line":34,"column":29}},"loc":{"start":{"line":34,"column":74},"end":{"line":96,"column":null}},"line":34},"2":{"name":"(anonymous_2)","decl":{"start":{"line":36,"column":20},"end":{"line":36,"column":38}},"loc":{"start":{"line":36,"column":38},"end":{"line":45,"column":7}},"line":36},"3":{"name":"(anonymous_3)","decl":{"start":{"line":47,"column":32},"end":{"line":47,"column":44}},"loc":{"start":{"line":47,"column":44},"end":{"line":62,"column":7}},"line":47},"4":{"name":"(anonymous_4)","decl":{"start":{"line":52,"column":6},"end":{"line":52,"column":16}},"loc":{"start":{"line":52,"column":26},"end":{"line":58,"column":9}},"line":52},"5":{"name":"(anonymous_5)","decl":{"start":{"line":64,"column":2},"end":{"line":64,"column":18}},"loc":{"start":{"line":64,"column":18},"end":{"line":66,"column":6}},"line":64},"6":{"name":"(anonymous_6)","decl":{"start":{"line":68,"column":2},"end":{"line":68,"column":18}},"loc":{"start":{"line":68,"column":18},"end":{"line":73,"column":6}},"line":68},"7":{"name":"(anonymous_7)","decl":{"start":{"line":69,"column":4},"end":{"line":69,"column":33}},"loc":{"start":{"line":69,"column":33},"end":{"line":71,"column":null}},"line":69},"8":{"name":"(anonymous_8)","decl":{"start":{"line":72,"column":4},"end":{"line":72,"column":17}},"loc":{"start":{"line":72,"column":4},"end":{"line":72,"column":45}},"line":72},"9":{"name":"(anonymous_9)","decl":{"start":{"line":75,"column":16},"end":{"line":75,"column":48}},"loc":{"start":{"line":75,"column":48},"end":{"line":94,"column":6}},"line":75},"10":{"name":"(anonymous_10)","decl":{"start":{"line":79,"column":6},"end":{"line":79,"column":14}},"loc":{"start":{"line":79,"column":32},"end":{"line":87,"column":null}},"line":79},"11":{"name":"(anonymous_11)","decl":{"start":{"line":89,"column":6},"end":{"line":89,"column":20}},"loc":{"start":{"line":89,"column":20},"end":{"line":90,"column":null}},"line":89},"12":{"name":"useAuth","decl":{"start":{"line":99,"column":16},"end":{"line":99,"column":26}},"loc":{"start":{"line":99,"column":26},"end":{"line":104,"column":null}},"line":99}},"branchMap":{"0":{"loc":{"start":{"line":27,"column":10},"end":{"line":27,"column":null}},"type":"cond-expr","locations":[{"start":{"line":27,"column":10},"end":{"line":27,"column":36}},{"start":{"line":27,"column":39},"end":{"line":27,"column":null}}],"line":27},"1":{"loc":{"start":{"line":28,"column":14},"end":{"line":28,"column":null}},"type":"cond-expr","locations":[{"start":{"line":28,"column":14},"end":{"line":28,"column":40}},{"start":{"line":28,"column":43},"end":{"line":28,"column":null}}],"line":28},"2":{"loc":{"start":{"line":49,"column":4},"end":{"line":49,"column":null}},"type":"if","locations":[{"start":{"line":49,"column":4},"end":{"line":49,"column":null}},{"start":{},"end":{}}],"line":49},"3":{"loc":{"start":{"line":56,"column":22},"end":{"line":56,"column":null}},"type":"binary-expr","locations":[{"start":{"line":56,"column":22},"end":{"line":56,"column":47}},{"start":{"line":56,"column":47},"end":{"line":56,"column":null}}],"line":56},"4":{"loc":{"start":{"line":57,"column":24},"end":{"line":57,"column":null}},"type":"binary-expr","locations":[{"start":{"line":57,"column":24},"end":{"line":57,"column":51}},{"start":{"line":57,"column":51},"end":{"line":57,"column":null}}],"line":57},"5":{"loc":{"start":{"line":65,"column":4},"end":{"line":65,"column":null}},"type":"if","locations":[{"start":{"line":65,"column":4},"end":{"line":65,"column":null}},{"start":{},"end":{}}],"line":65},"6":{"loc":{"start":{"line":101,"column":2},"end":{"line":102,"column":null}},"type":"if","locations":[{"start":{"line":101,"column":2},"end":{"line":102,"column":null}},{"start":{},"end":{}}],"line":101}},"s":{"0":1,"1":5,"2":5,"3":11,"4":11,"5":2,"6":2,"7":11,"8":5,"9":5,"10":3,"11":2,"12":2,"13":1,"14":1,"15":11,"16":10,"17":5,"18":11,"19":5,"20":1,"21":5,"22":5,"23":11,"24":11,"25":3,"26":3,"27":1,"28":11,"29":11,"30":11,"31":0,"32":11},"f":{"0":5,"1":11,"2":2,"3":5,"4":1,"5":10,"6":5,"7":1,"8":5,"9":11,"10":3,"11":1,"12":11},"b":{"0":[2,3],"1":[2,3],"2":[3,2],"3":[1,0],"4":[1,0],"5":[5,5],"6":[0,11]},"meta":{"lastBranch":7,"lastFunction":13,"lastStatement":33,"seen":{"s:21:6:21:74":0,"f:23:9:23:38":0,"s:24:8:24:32":1,"s:25:2:31:Infinity":2,"b:27:10:27:36:27:39:27:Infinity":0,"b:28:14:28:40:28:43:28:Infinity":1,"f:34:16:34:29":1,"s:35:16:35:64":3,"s:36:8:45:8":4,"f:36:20:36:38":2,"s:37:4:37:Infinity":5,"s:38:4:44:Infinity":6,"s:47:8:62:8":7,"f:47:32:47:44":3,"s:48:10:48:34":8,"b:49:4:49:Infinity:undefined:undefined:undefined:undefined":2,"s:49:4:49:Infinity":9,"s:49:16:49:Infinity":10,"s:50:4:59:Infinity":11,"s:51:18:51:128":12,"s:52:6:58:Infinity":13,"f:52:6:52:16":4,"s:52:26:58:9":14,"b:56:22:56:47:56:47:56:Infinity":3,"b:57:24:57:51:57:51:57:Infinity":4,"s:64:2:66:Infinity":15,"f:64:2:64:18":5,"b:65:4:65:Infinity:undefined:undefined:undefined:undefined":5,"s:65:4:65:Infinity":16,"s:65:21:65:Infinity":17,"s:68:2:73:Infinity":18,"f:68:2:68:18":6,"s:69:4:71:Infinity":19,"f:69:4:69:33":7,"s:70:6:70:Infinity":20,"s:72:4:72:Infinity":21,"f:72:4:72:17":8,"s:72:4:72:45":22,"s:75:8:94:35":23,"f:75:16:75:48":9,"s:76:4:93:Infinity":24,"f:79:6:79:14":10,"s:80:8:80:Infinity":25,"s:81:8:87:Infinity":26,"f:89:6:89:20":11,"s:90:8:90:Infinity":27,"s:96:2:96:Infinity":28,"f:99:16:99:26":12,"s:100:8:100:41":29,"b:101:2:102:Infinity:undefined:undefined:undefined:undefined":6,"s:101:2:102:Infinity":30,"s:102:4:102:Infinity":31,"s:104:2:104:Infinity":32}}}
,"D:\\diplomm\\frontend\\src\\auth\\jwt.ts": {"path":"D:\\diplomm\\frontend\\src\\auth\\jwt.ts","statementMap":{"0":{"start":{"line":11,"column":2},"end":{"line":21,"column":null}},"1":{"start":{"line":12,"column":20},"end":{"line":12,"column":null}},"2":{"start":{"line":13,"column":4},"end":{"line":13,"column":null}},"3":{"start":{"line":13,"column":18},"end":{"line":13,"column":null}},"4":{"start":{"line":14,"column":23},"end":{"line":14,"column":68}},"5":{"start":{"line":15,"column":19},"end":{"line":15,"column":77}},"6":{"start":{"line":16,"column":19},"end":{"line":16,"column":31}},"7":{"start":{"line":17,"column":18},"end":{"line":17,"column":71}},"8":{"start":{"line":17,"column":52},"end":{"line":17,"column":70}},"9":{"start":{"line":18,"column":17},"end":{"line":18,"column":55}},"10":{"start":{"line":19,"column":4},"end":{"line":19,"column":null}},"11":{"start":{"line":21,"column":4},"end":{"line":21,"column":null}},"12":{"start":{"line":26,"column":18},"end":{"line":26,"column":33}},"13":{"start":{"line":27,"column":2},"end":{"line":27,"column":null}},"14":{"start":{"line":27,"column":16},"end":{"line":27,"column":null}},"15":{"start":{"line":28,"column":15},"end":{"line":28,"column":null}},"16":{"start":{"line":29,"column":2},"end":{"line":29,"column":null}},"17":{"start":{"line":33,"column":18},"end":{"line":33,"column":33}},"18":{"start":{"line":34,"column":2},"end":{"line":34,"column":null}},"19":{"start":{"line":34,"column":16},"end":{"line":34,"column":null}},"20":{"start":{"line":35,"column":2},"end":{"line":35,"column":null}}},"fnMap":{"0":{"name":"parseJwt","decl":{"start":{"line":10,"column":16},"end":{"line":10,"column":25}},"loc":{"start":{"line":10,"column":59},"end":{"line":21,"column":null}},"line":10},"1":{"name":"(anonymous_1)","decl":{"start":{"line":17,"column":34},"end":{"line":17,"column":43}},"loc":{"start":{"line":17,"column":52},"end":{"line":17,"column":70}},"line":17},"2":{"name":"extractRole","decl":{"start":{"line":25,"column":16},"end":{"line":25,"column":28}},"loc":{"start":{"line":25,"column":58},"end":{"line":29,"column":null}},"line":25},"3":{"name":"extractName","decl":{"start":{"line":32,"column":16},"end":{"line":32,"column":28}},"loc":{"start":{"line":32,"column":58},"end":{"line":35,"column":null}},"line":32}},"branchMap":{"0":{"loc":{"start":{"line":13,"column":4},"end":{"line":13,"column":null}},"type":"if","locations":[{"start":{"line":13,"column":4},"end":{"line":13,"column":null}},{"start":{},"end":{}}],"line":13},"1":{"loc":{"start":{"line":27,"column":2},"end":{"line":27,"column":null}},"type":"if","locations":[{"start":{"line":27,"column":2},"end":{"line":27,"column":null}},{"start":{},"end":{}}],"line":27},"2":{"loc":{"start":{"line":28,"column":15},"end":{"line":28,"column":null}},"type":"binary-expr","locations":[{"start":{"line":28,"column":15},"end":{"line":28,"column":31}},{"start":{"line":28,"column":31},"end":{"line":28,"column":null}}],"line":28},"3":{"loc":{"start":{"line":29,"column":9},"end":{"line":29,"column":null}},"type":"cond-expr","locations":[{"start":{"line":29,"column":36},"end":{"line":29,"column":43}},{"start":{"line":29,"column":43},"end":{"line":29,"column":null}}],"line":29},"4":{"loc":{"start":{"line":34,"column":2},"end":{"line":34,"column":null}},"type":"if","locations":[{"start":{"line":34,"column":2},"end":{"line":34,"column":null}},{"start":{},"end":{}}],"line":34},"5":{"loc":{"start":{"line":35,"column":9},"end":{"line":35,"column":null}},"type":"cond-expr","locations":[{"start":{"line":35,"column":44},"end":{"line":35,"column":59}},{"start":{"line":35,"column":59},"end":{"line":35,"column":null}}],"line":35}},"s":{"0":7,"1":7,"2":7,"3":3,"4":4,"5":4,"6":4,"7":4,"8":282,"9":4,"10":4,"11":1,"12":2,"13":2,"14":1,"15":1,"16":2,"17":2,"18":2,"19":1,"20":1},"f":{"0":7,"1":282,"2":2,"3":2},"b":{"0":[3,4],"1":[1,1],"2":[1,0],"3":[1,0],"4":[1,1],"5":[1,0]},"meta":{"lastBranch":6,"lastFunction":4,"lastStatement":21,"seen":{"f:10:16:10:25":0,"s:11:2:21:Infinity":0,"s:12:20:12:Infinity":1,"b:13:4:13:Infinity:undefined:undefined:undefined:undefined":0,"s:13:4:13:Infinity":2,"s:13:18:13:Infinity":3,"s:14:23:14:68":4,"s:15:19:15:77":5,"s:16:19:16:31":6,"s:17:18:17:71":7,"f:17:34:17:43":1,"s:17:52:17:70":8,"s:18:17:18:55":9,"s:19:4:19:Infinity":10,"s:21:4:21:Infinity":11,"f:25:16:25:28":2,"s:26:18:26:33":12,"b:27:2:27:Infinity:undefined:undefined:undefined:undefined":1,"s:27:2:27:Infinity":13,"s:27:16:27:Infinity":14,"s:28:15:28:Infinity":15,"b:28:15:28:31:28:31:28:Infinity":2,"s:29:2:29:Infinity":16,"b:29:36:29:43:29:43:29:Infinity":3,"f:32:16:32:28":3,"s:33:18:33:33":17,"b:34:2:34:Infinity:undefined:undefined:undefined:undefined":4,"s:34:2:34:Infinity":18,"s:34:16:34:Infinity":19,"s:35:2:35:Infinity":20,"b:35:44:35:59:35:59:35:Infinity":5}}}
,"D:\\diplomm\\frontend\\src\\auth\\tokenStorage.ts": {"path":"D:\\diplomm\\frontend\\src\\auth\\tokenStorage.ts","statementMap":{"0":{"start":{"line":1,"column":18},"end":{"line":1,"column":null}},"1":{"start":{"line":4,"column":2},"end":{"line":4,"column":null}},"2":{"start":{"line":8,"column":2},"end":{"line":8,"column":null}},"3":{"start":{"line":12,"column":2},"end":{"line":12,"column":null}}},"fnMap":{"0":{"name":"saveAccessToken","decl":{"start":{"line":3,"column":16},"end":{"line":3,"column":32}},"loc":{"start":{"line":3,"column":53},"end":{"line":4,"column":null}},"line":3},"1":{"name":"getAccessToken","decl":{"start":{"line":7,"column":16},"end":{"line":7,"column":48}},"loc":{"start":{"line":7,"column":48},"end":{"line":8,"column":null}},"line":7},"2":{"name":"clearAccessToken","decl":{"start":{"line":11,"column":16},"end":{"line":11,"column":41}},"loc":{"start":{"line":11,"column":41},"end":{"line":12,"column":null}},"line":11}},"branchMap":{},"s":{"0":1,"1":1,"2":3,"3":2},"f":{"0":1,"1":3,"2":2},"b":{},"meta":{"lastBranch":0,"lastFunction":3,"lastStatement":4,"seen":{"s:1:18:1:Infinity":0,"f:3:16:3:32":0,"s:4:2:4:Infinity":1,"f:7:16:7:48":1,"s:8:2:8:Infinity":2,"f:11:16:11:41":2,"s:12:2:12:Infinity":3}}}
,"D:\\diplomm\\frontend\\src\\components\\ProtectedRoute.tsx": {"path":"D:\\diplomm\\frontend\\src\\components\\ProtectedRoute.tsx","statementMap":{"0":{"start":{"line":10,"column":8},"end":{"line":10,"column":24}},"1":{"start":{"line":12,"column":2},"end":{"line":13,"column":null}},"2":{"start":{"line":13,"column":4},"end":{"line":13,"column":null}},"3":{"start":{"line":16,"column":2},"end":{"line":19,"column":null}},"4":{"start":{"line":17,"column":20},"end":{"line":17,"column":null}},"5":{"start":{"line":18,"column":4},"end":{"line":19,"column":null}},"6":{"start":{"line":19,"column":6},"end":{"line":19,"column":null}},"7":{"start":{"line":23,"column":2},"end":{"line":23,"column":null}}},"fnMap":{"0":{"name":"ProtectedRoute","decl":{"start":{"line":9,"column":24},"end":{"line":9,"column":39}},"loc":{"start":{"line":9,"column":67},"end":{"line":23,"column":null}},"line":9}},"branchMap":{"0":{"loc":{"start":{"line":12,"column":2},"end":{"line":13,"column":null}},"type":"if","locations":[{"start":{"line":12,"column":2},"end":{"line":13,"column":null}},{"start":{},"end":{}}],"line":12},"1":{"loc":{"start":{"line":16,"column":2},"end":{"line":19,"column":null}},"type":"if","locations":[{"start":{"line":16,"column":2},"end":{"line":19,"column":null}},{"start":{},"end":{}}],"line":16},"2":{"loc":{"start":{"line":16,"column":6},"end":{"line":16,"column":33}},"type":"binary-expr","locations":[{"start":{"line":16,"column":6},"end":{"line":16,"column":15}},{"start":{"line":16,"column":15},"end":{"line":16,"column":33}}],"line":16},"3":{"loc":{"start":{"line":17,"column":20},"end":{"line":17,"column":null}},"type":"cond-expr","locations":[{"start":{"line":17,"column":32},"end":{"line":17,"column":57}},{"start":{"line":17,"column":60},"end":{"line":17,"column":null}}],"line":17},"4":{"loc":{"start":{"line":18,"column":4},"end":{"line":19,"column":null}},"type":"if","locations":[{"start":{"line":18,"column":4},"end":{"line":19,"column":null}},{"start":{},"end":{}}],"line":18}},"s":{"0":4,"1":4,"2":1,"3":3,"4":2,"5":2,"6":1,"7":2},"f":{"0":4},"b":{"0":[1,3],"1":[2,1],"2":[3,2],"3":[2,0],"4":[1,1]},"meta":{"lastBranch":5,"lastFunction":1,"lastStatement":8,"seen":{"f:9:24:9:39":0,"s:10:8:10:24":0,"b:12:2:13:Infinity:undefined:undefined:undefined:undefined":0,"s:12:2:13:Infinity":1,"s:13:4:13:Infinity":2,"b:16:2:19:Infinity:undefined:undefined:undefined:undefined":1,"s:16:2:19:Infinity":3,"b:16:6:16:15:16:15:16:33":2,"s:17:20:17:Infinity":4,"b:17:32:17:57:17:60:17:Infinity":3,"b:18:4:19:Infinity:undefined:undefined:undefined:undefined":4,"s:18:4:19:Infinity":5,"s:19:6:19:Infinity":6,"s:23:2:23:Infinity":7}}}
,"D:\\diplomm\\frontend\\src\\components\\ThemeToggleButton.tsx": {"path":"D:\\diplomm\\frontend\\src\\components\\ThemeToggleButton.tsx","statementMap":{"0":{"start":{"line":16,"column":16},"end":{"line":16,"column":42}},"1":{"start":{"line":17,"column":17},"end":{"line":17,"column":null}},"2":{"start":{"line":20,"column":4},"end":{"line":32,"column":null}},"3":{"start":{"line":35,"column":2},"end":{"line":35,"column":null}},"4":{"start":{"line":35,"column":20},"end":{"line":35,"column":null}},"5":{"start":{"line":37,"column":2},"end":{"line":40,"column":null}}},"fnMap":{"0":{"name":"ThemeToggleButton","decl":{"start":{"line":11,"column":24},"end":{"line":11,"column":42}},"loc":{"start":{"line":15,"column":27},"end":{"line":40,"column":null}},"line":15}},"branchMap":{"0":{"loc":{"start":{"line":12,"column":2},"end":{"line":12,"column":null}},"type":"default-arg","locations":[{"start":{"line":12,"column":16},"end":{"line":12,"column":null}}],"line":12},"1":{"loc":{"start":{"line":22,"column":12},"end":{"line":22,"column":null}},"type":"cond-expr","locations":[{"start":{"line":22,"column":21},"end":{"line":22,"column":40}},{"start":{"line":22,"column":39},"end":{"line":22,"column":null}}],"line":22},"2":{"loc":{"start":{"line":35,"column":2},"end":{"line":35,"column":null}},"type":"if","locations":[{"start":{"line":35,"column":2},"end":{"line":35,"column":null}},{"start":{},"end":{}}],"line":35},"3":{"loc":{"start":{"line":38,"column":20},"end":{"line":38,"column":61}},"type":"cond-expr","locations":[{"start":{"line":38,"column":29},"end":{"line":38,"column":46}},{"start":{"line":38,"column":46},"end":{"line":38,"column":61}}],"line":38}},"s":{"0":4,"1":4,"2":4,"3":4,"4":1,"5":3},"f":{"0":4},"b":{"0":[4],"1":[1,3],"2":[1,3],"3":[0,3]},"meta":{"lastBranch":4,"lastFunction":1,"lastStatement":6,"seen":{"f:11:24:11:42":0,"b:12:16:12:Infinity":0,"s:16:16:16:42":0,"s:17:17:17:Infinity":1,"s:20:4:32:Infinity":2,"b:22:21:22:40:22:39:22:Infinity":1,"b:35:2:35:Infinity:undefined:undefined:undefined:undefined":2,"s:35:2:35:Infinity":3,"s:35:20:35:Infinity":4,"s:37:2:40:Infinity":5,"b:38:29:38:46:38:46:38:61":3}}}
,"D:\\diplomm\\frontend\\src\\components\\statistics\\StatisticsCharts.tsx": {"path":"D:\\diplomm\\frontend\\src\\components\\statistics\\StatisticsCharts.tsx","statementMap":{"0":{"start":{"line":65,"column":10},"end":{"line":72,"column":null}},"1":{"start":{"line":74,"column":16},"end":{"line":74,"column":null}},"2":{"start":{"line":78,"column":2},"end":{"line":103,"column":null}},"3":{"start":{"line":107,"column":10},"end":{"line":107,"column":29}},"4":{"start":{"line":108,"column":17},"end":{"line":108,"column":null}},"5":{"start":{"line":110,"column":2},"end":{"line":123,"column":null}},"6":{"start":{"line":138,"column":10},"end":{"line":138,"column":29}},"7":{"start":{"line":139,"column":17},"end":{"line":139,"column":null}},"8":{"start":{"line":141,"column":2},"end":{"line":153,"column":null}},"9":{"start":{"line":159,"column":10},"end":{"line":159,"column":29}},"10":{"start":{"line":160,"column":17},"end":{"line":160,"column":null}},"11":{"start":{"line":162,"column":2},"end":{"line":178,"column":null}},"12":{"start":{"line":193,"column":10},"end":{"line":193,"column":29}},"13":{"start":{"line":194,"column":17},"end":{"line":194,"column":null}},"14":{"start":{"line":197,"column":8},"end":{"line":199,"column":null}},"15":{"start":{"line":198,"column":10},"end":{"line":198,"column":68}},"16":{"start":{"line":198,"column":22},"end":{"line":198,"column":67}},"17":{"start":{"line":201,"column":8},"end":{"line":207,"column":null}},"18":{"start":{"line":202,"column":10},"end":{"line":206,"column":null}},"19":{"start":{"line":203,"column":51},"end":{"line":203,"column":64}},"20":{"start":{"line":204,"column":51},"end":{"line":204,"column":68}},"21":{"start":{"line":205,"column":51},"end":{"line":205,"column":67}},"22":{"start":{"line":209,"column":8},"end":{"line":227,"column":null}},"23":{"start":{"line":211,"column":6},"end":{"line":226,"column":8}},"24":{"start":{"line":231,"column":8},"end":{"line":237,"column":null}},"25":{"start":{"line":233,"column":6},"end":{"line":236,"column":20}},"26":{"start":{"line":235,"column":24},"end":{"line":235,"column":66}},"27":{"start":{"line":239,"column":8},"end":{"line":271,"column":null}},"28":{"start":{"line":241,"column":6},"end":{"line":270,"column":8}},"29":{"start":{"line":252,"column":10},"end":{"line":252,"column":null}},"30":{"start":{"line":255,"column":41},"end":{"line":255,"column":58}},"31":{"start":{"line":256,"column":46},"end":{"line":256,"column":55}},"32":{"start":{"line":262,"column":36},"end":{"line":262,"column":null}},"33":{"start":{"line":268,"column":41},"end":{"line":268,"column":61}},"34":{"start":{"line":275,"column":8},"end":{"line":281,"column":null}},"35":{"start":{"line":277,"column":6},"end":{"line":280,"column":20}},"36":{"start":{"line":279,"column":24},"end":{"line":279,"column":66}},"37":{"start":{"line":283,"column":8},"end":{"line":318,"column":null}},"38":{"start":{"line":285,"column":6},"end":{"line":317,"column":8}},"39":{"start":{"line":296,"column":10},"end":{"line":296,"column":null}},"40":{"start":{"line":299,"column":42},"end":{"line":299,"column":53}},"41":{"start":{"line":305,"column":38},"end":{"line":305,"column":null}},"42":{"start":{"line":311,"column":36},"end":{"line":311,"column":null}},"43":{"start":{"line":316,"column":50},"end":{"line":316,"column":70}},"44":{"start":{"line":322,"column":8},"end":{"line":344,"column":21}},"45":{"start":{"line":323,"column":4},"end":{"line":343,"column":null}},"46":{"start":{"line":324,"column":18},"end":{"line":324,"column":null}},"47":{"start":{"line":325,"column":6},"end":{"line":325,"column":null}},"48":{"start":{"line":326,"column":6},"end":{"line":329,"column":null}},"49":{"start":{"line":327,"column":8},"end":{"line":327,"column":null}},"50":{"start":{"line":328,"column":13},"end":{"line":329,"column":null}},"51":{"start":{"line":329,"column":8},"end":{"line":329,"column":null}},"52":{"start":{"line":331,"column":6},"end":{"line":331,"column":null}},"53":{"start":{"line":332,"column":40},"end":{"line":338,"column":null}},"54":{"start":{"line":339,"column":6},"end":{"line":341,"column":null}},"55":{"start":{"line":340,"column":8},"end":{"line":340,"column":null}},"56":{"start":{"line":340,"column":59},"end":{"line":340,"column":null}},"57":{"start":{"line":342,"column":6},"end":{"line":342,"column":null}},"58":{"start":{"line":346,"column":8},"end":{"line":394,"column":null}},"59":{"start":{"line":348,"column":6},"end":{"line":393,"column":8}},"60":{"start":{"line":351,"column":42},"end":{"line":351,"column":55}},"61":{"start":{"line":364,"column":20},"end":{"line":364,"column":null}},"62":{"start":{"line":364,"column":59},"end":{"line":364,"column":72}},"63":{"start":{"line":379,"column":24},"end":{"line":379,"column":null}},"64":{"start":{"line":380,"column":14},"end":{"line":380,"column":null}},"65":{"start":{"line":387,"column":22},"end":{"line":387,"column":null}},"66":{"start":{"line":388,"column":12},"end":{"line":388,"column":null}},"67":{"start":{"line":398,"column":8},"end":{"line":404,"column":null}},"68":{"start":{"line":400,"column":6},"end":{"line":403,"column":21}},"69":{"start":{"line":402,"column":24},"end":{"line":402,"column":60}},"70":{"start":{"line":406,"column":8},"end":{"line":443,"column":null}},"71":{"start":{"line":408,"column":6},"end":{"line":442,"column":8}},"72":{"start":{"line":420,"column":42},"end":{"line":420,"column":58}},"73":{"start":{"line":437,"column":24},"end":{"line":437,"column":null}},"74":{"start":{"line":438,"column":14},"end":{"line":438,"column":null}},"75":{"start":{"line":446,"column":21},"end":{"line":446,"column":null}},"76":{"start":{"line":447,"column":21},"end":{"line":447,"column":null}},"77":{"start":{"line":448,"column":21},"end":{"line":448,"column":null}},"78":{"start":{"line":449,"column":21},"end":{"line":449,"column":null}},"79":{"start":{"line":450,"column":22},"end":{"line":450,"column":null}},"80":{"start":{"line":452,"column":2},"end":{"line":462,"column":null}},"81":{"start":{"line":453,"column":4},"end":{"line":462,"column":null}},"82":{"start":{"line":456,"column":10},"end":{"line":460,"column":null}},"83":{"start":{"line":466,"column":2},"end":{"line":679,"column":null}},"84":{"start":{"line":481,"column":12},"end":{"line":483,"column":null}},"85":{"start":{"line":578,"column":69},"end":{"line":578,"column":100}},"86":{"start":{"line":594,"column":70},"end":{"line":594,"column":101}},"87":{"start":{"line":613,"column":50},"end":{"line":613,"column":58}},"88":{"start":{"line":629,"column":70},"end":{"line":629,"column":89}},"89":{"start":{"line":647,"column":29},"end":{"line":647,"column":101}},"90":{"start":{"line":647,"column":81},"end":{"line":647,"column":97}},"91":{"start":{"line":648,"column":29},"end":{"line":648,"column":71}},"92":{"start":{"line":649,"column":29},"end":{"line":649,"column":null}},"93":{"start":{"line":650,"column":16},"end":{"line":674,"column":null}}},"fnMap":{"0":{"name":"baseOptions","decl":{"start":{"line":77,"column":9},"end":{"line":77,"column":21}},"loc":{"start":{"line":77,"column":76},"end":{"line":103,"column":null}},"line":77},"1":{"name":"SectionLabel","decl":{"start":{"line":106,"column":9},"end":{"line":106,"column":22}},"loc":{"start":{"line":106,"column":67},"end":{"line":123,"column":null}},"line":106},"2":{"name":"KpiCard","decl":{"start":{"line":127,"column":9},"end":{"line":127,"column":17}},"loc":{"start":{"line":137,"column":3},"end":{"line":153,"column":null}},"line":137},"3":{"name":"EmptyState","decl":{"start":{"line":158,"column":9},"end":{"line":158,"column":20}},"loc":{"start":{"line":158,"column":74},"end":{"line":178,"column":null}},"line":158},"4":{"name":"StatisticsCharts","decl":{"start":{"line":183,"column":24},"end":{"line":183,"column":41}},"loc":{"start":{"line":192,"column":10},"end":{"line":679,"column":null}},"line":192},"5":{"name":"(anonymous_5)","decl":{"start":{"line":197,"column":26},"end":{"line":197,"column":null}},"loc":{"start":{"line":198,"column":10},"end":{"line":198,"column":68}},"line":198},"6":{"name":"(anonymous_6)","decl":{"start":{"line":198,"column":17},"end":{"line":198,"column":22}},"loc":{"start":{"line":198,"column":22},"end":{"line":198,"column":67}},"line":198},"7":{"name":"(anonymous_7)","decl":{"start":{"line":201,"column":22},"end":{"line":201,"column":null}},"loc":{"start":{"line":202,"column":10},"end":{"line":206,"column":null}},"line":202},"8":{"name":"(anonymous_8)","decl":{"start":{"line":203,"column":40},"end":{"line":203,"column":45}},"loc":{"start":{"line":203,"column":51},"end":{"line":203,"column":64}},"line":203},"9":{"name":"(anonymous_9)","decl":{"start":{"line":204,"column":40},"end":{"line":204,"column":45}},"loc":{"start":{"line":204,"column":51},"end":{"line":204,"column":68}},"line":204},"10":{"name":"(anonymous_10)","decl":{"start":{"line":205,"column":40},"end":{"line":205,"column":45}},"loc":{"start":{"line":205,"column":51},"end":{"line":205,"column":67}},"line":205},"11":{"name":"(anonymous_11)","decl":{"start":{"line":209,"column":36},"end":{"line":209,"column":null}},"loc":{"start":{"line":211,"column":6},"end":{"line":226,"column":8}},"line":211},"12":{"name":"(anonymous_12)","decl":{"start":{"line":231,"column":18},"end":{"line":231,"column":null}},"loc":{"start":{"line":233,"column":6},"end":{"line":236,"column":20}},"line":233},"13":{"name":"(anonymous_13)","decl":{"start":{"line":235,"column":9},"end":{"line":235,"column":15}},"loc":{"start":{"line":235,"column":24},"end":{"line":235,"column":66}},"line":235},"14":{"name":"(anonymous_14)","decl":{"start":{"line":239,"column":34},"end":{"line":239,"column":null}},"loc":{"start":{"line":241,"column":6},"end":{"line":270,"column":8}},"line":241},"15":{"name":"(anonymous_15)","decl":{"start":{"line":251,"column":24},"end":{"line":251,"column":29}},"loc":{"start":{"line":252,"column":10},"end":{"line":252,"column":null}},"line":252},"16":{"name":"(anonymous_16)","decl":{"start":{"line":255,"column":30},"end":{"line":255,"column":35}},"loc":{"start":{"line":255,"column":41},"end":{"line":255,"column":58}},"line":255},"17":{"name":"(anonymous_17)","decl":{"start":{"line":256,"column":20},"end":{"line":256,"column":32}},"loc":{"start":{"line":256,"column":46},"end":{"line":256,"column":55}},"line":256},"18":{"name":"(anonymous_18)","decl":{"start":{"line":262,"column":10},"end":{"line":262,"column":22}},"loc":{"start":{"line":262,"column":36},"end":{"line":262,"column":null}},"line":262},"19":{"name":"(anonymous_19)","decl":{"start":{"line":268,"column":15},"end":{"line":268,"column":27}},"loc":{"start":{"line":268,"column":41},"end":{"line":268,"column":61}},"line":268},"20":{"name":"(anonymous_20)","decl":{"start":{"line":275,"column":19},"end":{"line":275,"column":null}},"loc":{"start":{"line":277,"column":6},"end":{"line":280,"column":20}},"line":277},"21":{"name":"(anonymous_21)","decl":{"start":{"line":279,"column":9},"end":{"line":279,"column":15}},"loc":{"start":{"line":279,"column":24},"end":{"line":279,"column":66}},"line":279},"22":{"name":"(anonymous_22)","decl":{"start":{"line":283,"column":35},"end":{"line":283,"column":null}},"loc":{"start":{"line":285,"column":6},"end":{"line":317,"column":8}},"line":285},"23":{"name":"(anonymous_23)","decl":{"start":{"line":295,"column":25},"end":{"line":295,"column":30}},"loc":{"start":{"line":296,"column":10},"end":{"line":296,"column":null}},"line":296},"24":{"name":"(anonymous_24)","decl":{"start":{"line":299,"column":31},"end":{"line":299,"column":36}},"loc":{"start":{"line":299,"column":42},"end":{"line":299,"column":53}},"line":299},"25":{"name":"(anonymous_25)","decl":{"start":{"line":305,"column":12},"end":{"line":305,"column":24}},"loc":{"start":{"line":305,"column":38},"end":{"line":305,"column":null}},"line":305},"26":{"name":"(anonymous_26)","decl":{"start":{"line":311,"column":10},"end":{"line":311,"column":22}},"loc":{"start":{"line":311,"column":36},"end":{"line":311,"column":null}},"line":311},"27":{"name":"(anonymous_27)","decl":{"start":{"line":316,"column":24},"end":{"line":316,"column":36}},"loc":{"start":{"line":316,"column":50},"end":{"line":316,"column":70}},"line":316},"28":{"name":"(anonymous_28)","decl":{"start":{"line":322,"column":25},"end":{"line":322,"column":39}},"loc":{"start":{"line":322,"column":39},"end":{"line":344,"column":6}},"line":322},"29":{"name":"(anonymous_29)","decl":{"start":{"line":323,"column":25},"end":{"line":323,"column":29}},"loc":{"start":{"line":323,"column":34},"end":{"line":343,"column":null}},"line":323},"30":{"name":"(anonymous_30)","decl":{"start":{"line":339,"column":24},"end":{"line":339,"column":33}},"loc":{"start":{"line":339,"column":44},"end":{"line":341,"column":null}},"line":339},"31":{"name":"(anonymous_31)","decl":{"start":{"line":346,"column":34},"end":{"line":346,"column":null}},"loc":{"start":{"line":348,"column":6},"end":{"line":393,"column":8}},"line":348},"32":{"name":"(anonymous_32)","decl":{"start":{"line":351,"column":31},"end":{"line":351,"column":36}},"loc":{"start":{"line":351,"column":42},"end":{"line":351,"column":55}},"line":351},"33":{"name":"(anonymous_33)","decl":{"start":{"line":363,"column":18},"end":{"line":363,"column":null}},"loc":{"start":{"line":364,"column":20},"end":{"line":364,"column":null}},"line":364},"34":{"name":"(anonymous_34)","decl":{"start":{"line":364,"column":42},"end":{"line":364,"column":50}},"loc":{"start":{"line":364,"column":59},"end":{"line":364,"column":72}},"line":364},"35":{"name":"(anonymous_35)","decl":{"start":{"line":378,"column":12},"end":{"line":378,"column":24}},"loc":{"start":{"line":378,"column":72},"end":{"line":382,"column":null}},"line":378},"36":{"name":"(anonymous_36)","decl":{"start":{"line":386,"column":10},"end":{"line":386,"column":22}},"loc":{"start":{"line":386,"column":71},"end":{"line":388,"column":null}},"line":386},"37":{"name":"(anonymous_37)","decl":{"start":{"line":398,"column":19},"end":{"line":398,"column":null}},"loc":{"start":{"line":400,"column":6},"end":{"line":403,"column":21}},"line":400},"38":{"name":"(anonymous_38)","decl":{"start":{"line":402,"column":9},"end":{"line":402,"column":15}},"loc":{"start":{"line":402,"column":24},"end":{"line":402,"column":60}},"line":402},"39":{"name":"(anonymous_39)","decl":{"start":{"line":406,"column":35},"end":{"line":406,"column":null}},"loc":{"start":{"line":408,"column":6},"end":{"line":442,"column":8}},"line":408},"40":{"name":"(anonymous_40)","decl":{"start":{"line":420,"column":31},"end":{"line":420,"column":36}},"loc":{"start":{"line":420,"column":42},"end":{"line":420,"column":58}},"line":420},"41":{"name":"(anonymous_41)","decl":{"start":{"line":436,"column":12},"end":{"line":436,"column":24}},"loc":{"start":{"line":436,"column":72},"end":{"line":440,"column":null}},"line":436},"42":{"name":"(anonymous_42)","decl":{"start":{"line":455,"column":22},"end":{"line":455,"column":27}},"loc":{"start":{"line":456,"column":10},"end":{"line":460,"column":null}},"line":456},"43":{"name":"(anonymous_43)","decl":{"start":{"line":480,"column":12},"end":{"line":480,"column":17}},"loc":{"start":{"line":481,"column":12},"end":{"line":483,"column":null}},"line":481},"44":{"name":"(anonymous_44)","decl":{"start":{"line":578,"column":58},"end":{"line":578,"column":63}},"loc":{"start":{"line":578,"column":69},"end":{"line":578,"column":100}},"line":578},"45":{"name":"(anonymous_45)","decl":{"start":{"line":594,"column":59},"end":{"line":594,"column":64}},"loc":{"start":{"line":594,"column":70},"end":{"line":594,"column":101}},"line":594},"46":{"name":"(anonymous_46)","decl":{"start":{"line":613,"column":39},"end":{"line":613,"column":44}},"loc":{"start":{"line":613,"column":50},"end":{"line":613,"column":58}},"line":613},"47":{"name":"(anonymous_47)","decl":{"start":{"line":629,"column":59},"end":{"line":629,"column":64}},"loc":{"start":{"line":629,"column":70},"end":{"line":629,"column":89}},"line":629},"48":{"name":"(anonymous_48)","decl":{"start":{"line":646,"column":44},"end":{"line":646,"column":49}},"loc":{"start":{"line":646,"column":55},"end":{"line":674,"column":null}},"line":646},"49":{"name":"(anonymous_49)","decl":{"start":{"line":647,"column":70},"end":{"line":647,"column":75}},"loc":{"start":{"line":647,"column":81},"end":{"line":647,"column":97}},"line":647}},"branchMap":{"0":{"loc":{"start":{"line":77,"column":38},"end":{"line":77,"column":61}},"type":"default-arg","locations":[{"start":{"line":77,"column":59},"end":{"line":77,"column":61}}],"line":77},"1":{"loc":{"start":{"line":86,"column":19},"end":{"line":86,"column":46}},"type":"cond-expr","locations":[{"start":{"line":86,"column":28},"end":{"line":86,"column":37}},{"start":{"line":86,"column":37},"end":{"line":86,"column":46}}],"line":86},"2":{"loc":{"start":{"line":88,"column":19},"end":{"line":88,"column":null}},"type":"cond-expr","locations":[{"start":{"line":88,"column":28},"end":{"line":88,"column":40}},{"start":{"line":88,"column":40},"end":{"line":88,"column":null}}],"line":88},"3":{"loc":{"start":{"line":93,"column":13},"end":{"line":93,"column":null}},"type":"cond-expr","locations":[{"start":{"line":93,"column":22},"end":{"line":93,"column":31}},{"start":{"line":93,"column":31},"end":{"line":93,"column":null}}],"line":93},"4":{"loc":{"start":{"line":99,"column":24},"end":{"line":99,"column":56}},"type":"cond-expr","locations":[{"start":{"line":99,"column":33},"end":{"line":99,"column":45}},{"start":{"line":99,"column":45},"end":{"line":99,"column":56}}],"line":99},"5":{"loc":{"start":{"line":117,"column":15},"end":{"line":117,"column":null}},"type":"cond-expr","locations":[{"start":{"line":117,"column":24},"end":{"line":117,"column":36}},{"start":{"line":117,"column":36},"end":{"line":117,"column":null}}],"line":117},"6":{"loc":{"start":{"line":145,"column":20},"end":{"line":145,"column":null}},"type":"cond-expr","locations":[{"start":{"line":145,"column":29},"end":{"line":145,"column":41}},{"start":{"line":145,"column":41},"end":{"line":145,"column":null}}],"line":145},"7":{"loc":{"start":{"line":152,"column":41},"end":{"line":152,"column":73}},"type":"cond-expr","locations":[{"start":{"line":152,"column":50},"end":{"line":152,"column":62}},{"start":{"line":152,"column":62},"end":{"line":152,"column":73}}],"line":152},"8":{"loc":{"start":{"line":153,"column":7},"end":{"line":153,"column":null}},"type":"binary-expr","locations":[{"start":{"line":153,"column":7},"end":{"line":153,"column":14}},{"start":{"line":153,"column":14},"end":{"line":153,"column":null}}],"line":153},"9":{"loc":{"start":{"line":153,"column":49},"end":{"line":153,"column":81}},"type":"cond-expr","locations":[{"start":{"line":153,"column":58},"end":{"line":153,"column":70}},{"start":{"line":153,"column":70},"end":{"line":153,"column":81}}],"line":153},"10":{"loc":{"start":{"line":158,"column":22},"end":{"line":158,"column":74}},"type":"default-arg","locations":[{"start":{"line":158,"column":29},"end":{"line":158,"column":74}}],"line":158},"11":{"loc":{"start":{"line":171,"column":15},"end":{"line":171,"column":null}},"type":"cond-expr","locations":[{"start":{"line":171,"column":24},"end":{"line":171,"column":36}},{"start":{"line":171,"column":36},"end":{"line":171,"column":null}}],"line":171},"12":{"loc":{"start":{"line":215,"column":37},"end":{"line":215,"column":69}},"type":"cond-expr","locations":[{"start":{"line":215,"column":46},"end":{"line":215,"column":58}},{"start":{"line":215,"column":58},"end":{"line":215,"column":69}}],"line":215},"13":{"loc":{"start":{"line":216,"column":31},"end":{"line":216,"column":63}},"type":"cond-expr","locations":[{"start":{"line":216,"column":40},"end":{"line":216,"column":52}},{"start":{"line":216,"column":52},"end":{"line":216,"column":63}}],"line":216},"14":{"loc":{"start":{"line":217,"column":30},"end":{"line":217,"column":null}},"type":"cond-expr","locations":[{"start":{"line":217,"column":39},"end":{"line":217,"column":51}},{"start":{"line":217,"column":51},"end":{"line":217,"column":null}}],"line":217},"15":{"loc":{"start":{"line":220,"column":37},"end":{"line":220,"column":69}},"type":"cond-expr","locations":[{"start":{"line":220,"column":46},"end":{"line":220,"column":58}},{"start":{"line":220,"column":58},"end":{"line":220,"column":69}}],"line":220},"16":{"loc":{"start":{"line":224,"column":79},"end":{"line":224,"column":113}},"type":"cond-expr","locations":[{"start":{"line":224,"column":88},"end":{"line":224,"column":100}},{"start":{"line":224,"column":100},"end":{"line":224,"column":113}}],"line":224},"17":{"loc":{"start":{"line":252,"column":10},"end":{"line":252,"column":null}},"type":"cond-expr","locations":[{"start":{"line":252,"column":37},"end":{"line":252,"column":48}},{"start":{"line":252,"column":48},"end":{"line":252,"column":null}}],"line":252},"18":{"loc":{"start":{"line":252,"column":48},"end":{"line":252,"column":null}},"type":"cond-expr","locations":[{"start":{"line":252,"column":75},"end":{"line":252,"column":86}},{"start":{"line":252,"column":86},"end":{"line":252,"column":null}}],"line":252},"19":{"loc":{"start":{"line":256,"column":72},"end":{"line":256,"column":104}},"type":"cond-expr","locations":[{"start":{"line":256,"column":81},"end":{"line":256,"column":93}},{"start":{"line":256,"column":93},"end":{"line":256,"column":104}}],"line":256},"20":{"loc":{"start":{"line":257,"column":31},"end":{"line":257,"column":null}},"type":"cond-expr","locations":[{"start":{"line":257,"column":40},"end":{"line":257,"column":52}},{"start":{"line":257,"column":52},"end":{"line":257,"column":null}}],"line":257},"21":{"loc":{"start":{"line":259,"column":44},"end":{"line":259,"column":76}},"type":"cond-expr","locations":[{"start":{"line":259,"column":53},"end":{"line":259,"column":65}},{"start":{"line":259,"column":65},"end":{"line":259,"column":76}}],"line":259},"22":{"loc":{"start":{"line":296,"column":10},"end":{"line":296,"column":null}},"type":"cond-expr","locations":[{"start":{"line":296,"column":37},"end":{"line":296,"column":48}},{"start":{"line":296,"column":48},"end":{"line":296,"column":null}}],"line":296},"23":{"loc":{"start":{"line":296,"column":48},"end":{"line":296,"column":null}},"type":"cond-expr","locations":[{"start":{"line":296,"column":75},"end":{"line":296,"column":86}},{"start":{"line":296,"column":86},"end":{"line":296,"column":null}}],"line":296},"24":{"loc":{"start":{"line":300,"column":37},"end":{"line":300,"column":69}},"type":"cond-expr","locations":[{"start":{"line":300,"column":46},"end":{"line":300,"column":58}},{"start":{"line":300,"column":58},"end":{"line":300,"column":69}}],"line":300},"25":{"loc":{"start":{"line":301,"column":31},"end":{"line":301,"column":null}},"type":"cond-expr","locations":[{"start":{"line":301,"column":40},"end":{"line":301,"column":52}},{"start":{"line":301,"column":52},"end":{"line":301,"column":null}}],"line":301},"26":{"loc":{"start":{"line":306,"column":29},"end":{"line":306,"column":null}},"type":"cond-expr","locations":[{"start":{"line":306,"column":38},"end":{"line":306,"column":50}},{"start":{"line":306,"column":50},"end":{"line":306,"column":null}}],"line":306},"27":{"loc":{"start":{"line":324,"column":18},"end":{"line":324,"column":null}},"type":"binary-expr","locations":[{"start":{"line":324,"column":18},"end":{"line":324,"column":30}},{"start":{"line":324,"column":30},"end":{"line":324,"column":null}}],"line":324},"28":{"loc":{"start":{"line":326,"column":6},"end":{"line":329,"column":null}},"type":"if","locations":[{"start":{"line":326,"column":6},"end":{"line":329,"column":null}},{"start":{"line":328,"column":13},"end":{"line":329,"column":null}}],"line":326},"29":{"loc":{"start":{"line":328,"column":13},"end":{"line":329,"column":null}},"type":"if","locations":[{"start":{"line":328,"column":13},"end":{"line":329,"column":null}},{"start":{},"end":{}}],"line":328},"30":{"loc":{"start":{"line":340,"column":8},"end":{"line":340,"column":null}},"type":"if","locations":[{"start":{"line":340,"column":8},"end":{"line":340,"column":null}},{"start":{},"end":{}}],"line":340},"31":{"loc":{"start":{"line":361,"column":25},"end":{"line":361,"column":null}},"type":"cond-expr","locations":[{"start":{"line":361,"column":34},"end":{"line":361,"column":46}},{"start":{"line":361,"column":46},"end":{"line":361,"column":null}}],"line":361},"32":{"loc":{"start":{"line":366,"column":32},"end":{"line":366,"column":64}},"type":"cond-expr","locations":[{"start":{"line":366,"column":41},"end":{"line":366,"column":53}},{"start":{"line":366,"column":53},"end":{"line":366,"column":64}}],"line":366},"33":{"loc":{"start":{"line":373,"column":28},"end":{"line":373,"column":60}},"type":"cond-expr","locations":[{"start":{"line":373,"column":37},"end":{"line":373,"column":49}},{"start":{"line":373,"column":49},"end":{"line":373,"column":60}}],"line":373},"34":{"loc":{"start":{"line":380,"column":21},"end":{"line":380,"column":81}},"type":"cond-expr","locations":[{"start":{"line":380,"column":25},"end":{"line":380,"column":72}},{"start":{"line":380,"column":72},"end":{"line":380,"column":81}}],"line":380},"35":{"loc":{"start":{"line":388,"column":19},"end":{"line":388,"column":null}},"type":"cond-expr","locations":[{"start":{"line":388,"column":23},"end":{"line":388,"column":57}},{"start":{"line":388,"column":57},"end":{"line":388,"column":null}}],"line":388},"36":{"loc":{"start":{"line":421,"column":37},"end":{"line":421,"column":69}},"type":"cond-expr","locations":[{"start":{"line":421,"column":46},"end":{"line":421,"column":58}},{"start":{"line":421,"column":58},"end":{"line":421,"column":69}}],"line":421},"37":{"loc":{"start":{"line":422,"column":31},"end":{"line":422,"column":null}},"type":"cond-expr","locations":[{"start":{"line":422,"column":40},"end":{"line":422,"column":52}},{"start":{"line":422,"column":52},"end":{"line":422,"column":null}}],"line":422},"38":{"loc":{"start":{"line":425,"column":61},"end":{"line":425,"column":93}},"type":"cond-expr","locations":[{"start":{"line":425,"column":70},"end":{"line":425,"column":82}},{"start":{"line":425,"column":82},"end":{"line":425,"column":93}}],"line":425},"39":{"loc":{"start":{"line":426,"column":37},"end":{"line":426,"column":69}},"type":"cond-expr","locations":[{"start":{"line":426,"column":46},"end":{"line":426,"column":58}},{"start":{"line":426,"column":58},"end":{"line":426,"column":69}}],"line":426},"40":{"loc":{"start":{"line":438,"column":21},"end":{"line":438,"column":83}},"type":"cond-expr","locations":[{"start":{"line":438,"column":25},"end":{"line":438,"column":74}},{"start":{"line":438,"column":74},"end":{"line":438,"column":83}}],"line":438},"41":{"loc":{"start":{"line":449,"column":21},"end":{"line":449,"column":null}},"type":"binary-expr","locations":[{"start":{"line":449,"column":21},"end":{"line":449,"column":52}},{"start":{"line":449,"column":52},"end":{"line":449,"column":null}}],"line":449},"42":{"loc":{"start":{"line":450,"column":22},"end":{"line":450,"column":null}},"type":"cond-expr","locations":[{"start":{"line":450,"column":39},"end":{"line":450,"column":51}},{"start":{"line":450,"column":51},"end":{"line":450,"column":null}}],"line":450},"43":{"loc":{"start":{"line":450,"column":51},"end":{"line":450,"column":null}},"type":"cond-expr","locations":[{"start":{"line":450,"column":69},"end":{"line":450,"column":80}},{"start":{"line":450,"column":80},"end":{"line":450,"column":null}}],"line":450},"44":{"loc":{"start":{"line":452,"column":2},"end":{"line":462,"column":null}},"type":"if","locations":[{"start":{"line":452,"column":2},"end":{"line":462,"column":null}},{"start":{},"end":{}}],"line":452},"45":{"loc":{"start":{"line":457,"column":39},"end":{"line":457,"column":71}},"type":"cond-expr","locations":[{"start":{"line":457,"column":48},"end":{"line":457,"column":60}},{"start":{"line":457,"column":60},"end":{"line":457,"column":71}}],"line":457},"46":{"loc":{"start":{"line":474,"column":48},"end":{"line":474,"column":102}},"type":"binary-expr","locations":[{"start":{"line":474,"column":48},"end":{"line":474,"column":72}},{"start":{"line":474,"column":72},"end":{"line":474,"column":102}}],"line":474},"47":{"loc":{"start":{"line":475,"column":48},"end":{"line":475,"column":102}},"type":"binary-expr","locations":[{"start":{"line":475,"column":48},"end":{"line":475,"column":76}},{"start":{"line":475,"column":76},"end":{"line":475,"column":102}}],"line":475},"48":{"loc":{"start":{"line":476,"column":48},"end":{"line":476,"column":102}},"type":"binary-expr","locations":[{"start":{"line":476,"column":48},"end":{"line":476,"column":77}},{"start":{"line":476,"column":77},"end":{"line":476,"column":102}}],"line":476},"49":{"loc":{"start":{"line":477,"column":48},"end":{"line":477,"column":102}},"type":"binary-expr","locations":[{"start":{"line":477,"column":48},"end":{"line":477,"column":75}},{"start":{"line":477,"column":75},"end":{"line":477,"column":102}}],"line":477},"50":{"loc":{"start":{"line":479,"column":52},"end":{"line":479,"column":82}},"type":"binary-expr","locations":[{"start":{"line":479,"column":52},"end":{"line":479,"column":79}},{"start":{"line":479,"column":79},"end":{"line":479,"column":82}}],"line":479},"51":{"loc":{"start":{"line":489,"column":8},"end":{"line":548,"column":null}},"type":"binary-expr","locations":[{"start":{"line":489,"column":8},"end":{"line":489,"column":21}},{"start":{"line":489,"column":21},"end":{"line":489,"column":35}},{"start":{"line":489,"column":35},"end":{"line":489,"column":null}},{"start":{"line":490,"column":8},"end":{"line":548,"column":null}}],"line":489},"52":{"loc":{"start":{"line":491,"column":11},"end":{"line":507,"column":null}},"type":"binary-expr","locations":[{"start":{"line":491,"column":11},"end":{"line":491,"column":null}},{"start":{"line":492,"column":12},"end":{"line":507,"column":null}}],"line":491},"53":{"loc":{"start":{"line":496,"column":30},"end":{"line":496,"column":null}},"type":"cond-expr","locations":[{"start":{"line":496,"column":39},"end":{"line":496,"column":51}},{"start":{"line":496,"column":51},"end":{"line":496,"column":null}}],"line":496},"54":{"loc":{"start":{"line":501,"column":82},"end":{"line":501,"column":114}},"type":"cond-expr","locations":[{"start":{"line":501,"column":91},"end":{"line":501,"column":103}},{"start":{"line":501,"column":103},"end":{"line":501,"column":114}}],"line":501},"55":{"loc":{"start":{"line":502,"column":82},"end":{"line":502,"column":114}},"type":"cond-expr","locations":[{"start":{"line":502,"column":91},"end":{"line":502,"column":103}},{"start":{"line":502,"column":103},"end":{"line":502,"column":114}}],"line":502},"56":{"loc":{"start":{"line":509,"column":11},"end":{"line":525,"column":null}},"type":"binary-expr","locations":[{"start":{"line":509,"column":11},"end":{"line":509,"column":null}},{"start":{"line":510,"column":12},"end":{"line":525,"column":null}}],"line":509},"57":{"loc":{"start":{"line":514,"column":30},"end":{"line":514,"column":null}},"type":"cond-expr","locations":[{"start":{"line":514,"column":39},"end":{"line":514,"column":51}},{"start":{"line":514,"column":51},"end":{"line":514,"column":null}}],"line":514},"58":{"loc":{"start":{"line":519,"column":82},"end":{"line":519,"column":114}},"type":"cond-expr","locations":[{"start":{"line":519,"column":91},"end":{"line":519,"column":103}},{"start":{"line":519,"column":103},"end":{"line":519,"column":114}}],"line":519},"59":{"loc":{"start":{"line":520,"column":82},"end":{"line":520,"column":114}},"type":"cond-expr","locations":[{"start":{"line":520,"column":91},"end":{"line":520,"column":103}},{"start":{"line":520,"column":103},"end":{"line":520,"column":114}}],"line":520},"60":{"loc":{"start":{"line":527,"column":11},"end":{"line":548,"column":null}},"type":"binary-expr","locations":[{"start":{"line":527,"column":11},"end":{"line":527,"column":null}},{"start":{"line":528,"column":12},"end":{"line":548,"column":null}}],"line":527},"61":{"loc":{"start":{"line":532,"column":30},"end":{"line":532,"column":null}},"type":"cond-expr","locations":[{"start":{"line":532,"column":39},"end":{"line":532,"column":51}},{"start":{"line":532,"column":51},"end":{"line":532,"column":null}}],"line":532},"62":{"loc":{"start":{"line":537,"column":82},"end":{"line":537,"column":114}},"type":"cond-expr","locations":[{"start":{"line":537,"column":91},"end":{"line":537,"column":103}},{"start":{"line":537,"column":103},"end":{"line":537,"column":114}}],"line":537},"63":{"loc":{"start":{"line":539,"column":79},"end":{"line":539,"column":111}},"type":"cond-expr","locations":[{"start":{"line":539,"column":88},"end":{"line":539,"column":100}},{"start":{"line":539,"column":100},"end":{"line":539,"column":111}}],"line":539},"64":{"loc":{"start":{"line":542,"column":19},"end":{"line":542,"column":null}},"type":"cond-expr","locations":[{"start":{"line":542,"column":50},"end":{"line":542,"column":88}},{"start":{"line":542,"column":88},"end":{"line":542,"column":null}}],"line":542},"65":{"loc":{"start":{"line":556,"column":35},"end":{"line":556,"column":67}},"type":"cond-expr","locations":[{"start":{"line":556,"column":44},"end":{"line":556,"column":56}},{"start":{"line":556,"column":56},"end":{"line":556,"column":67}}],"line":556},"66":{"loc":{"start":{"line":557,"column":11},"end":{"line":565,"column":null}},"type":"cond-expr","locations":[{"start":{"line":558,"column":12},"end":{"line":565,"column":13}},{"start":{"line":565,"column":12},"end":{"line":565,"column":null}}],"line":557},"67":{"loc":{"start":{"line":574,"column":37},"end":{"line":574,"column":69}},"type":"cond-expr","locations":[{"start":{"line":574,"column":46},"end":{"line":574,"column":58}},{"start":{"line":574,"column":58},"end":{"line":574,"column":69}}],"line":574},"68":{"loc":{"start":{"line":575,"column":13},"end":{"line":583,"column":null}},"type":"cond-expr","locations":[{"start":{"line":576,"column":14},"end":{"line":583,"column":15}},{"start":{"line":583,"column":14},"end":{"line":583,"column":null}}],"line":575},"69":{"loc":{"start":{"line":590,"column":37},"end":{"line":590,"column":69}},"type":"cond-expr","locations":[{"start":{"line":590,"column":46},"end":{"line":590,"column":58}},{"start":{"line":590,"column":58},"end":{"line":590,"column":69}}],"line":590},"70":{"loc":{"start":{"line":591,"column":13},"end":{"line":599,"column":null}},"type":"cond-expr","locations":[{"start":{"line":592,"column":14},"end":{"line":599,"column":15}},{"start":{"line":599,"column":14},"end":{"line":599,"column":null}}],"line":591},"71":{"loc":{"start":{"line":609,"column":37},"end":{"line":609,"column":69}},"type":"cond-expr","locations":[{"start":{"line":609,"column":46},"end":{"line":609,"column":58}},{"start":{"line":609,"column":58},"end":{"line":609,"column":69}}],"line":609},"72":{"loc":{"start":{"line":610,"column":13},"end":{"line":618,"column":null}},"type":"cond-expr","locations":[{"start":{"line":611,"column":14},"end":{"line":618,"column":15}},{"start":{"line":618,"column":14},"end":{"line":618,"column":null}}],"line":610},"73":{"loc":{"start":{"line":625,"column":37},"end":{"line":625,"column":69}},"type":"cond-expr","locations":[{"start":{"line":625,"column":46},"end":{"line":625,"column":58}},{"start":{"line":625,"column":58},"end":{"line":625,"column":69}}],"line":625},"74":{"loc":{"start":{"line":626,"column":13},"end":{"line":634,"column":null}},"type":"cond-expr","locations":[{"start":{"line":627,"column":14},"end":{"line":634,"column":15}},{"start":{"line":634,"column":14},"end":{"line":634,"column":null}}],"line":626},"75":{"loc":{"start":{"line":641,"column":7},"end":{"line":679,"column":null}},"type":"binary-expr","locations":[{"start":{"line":641,"column":7},"end":{"line":641,"column":null}},{"start":{"line":642,"column":8},"end":{"line":679,"column":null}}],"line":641},"76":{"loc":{"start":{"line":644,"column":37},"end":{"line":644,"column":69}},"type":"cond-expr","locations":[{"start":{"line":644,"column":46},"end":{"line":644,"column":58}},{"start":{"line":644,"column":58},"end":{"line":644,"column":69}}],"line":644},"77":{"loc":{"start":{"line":649,"column":29},"end":{"line":649,"column":null}},"type":"cond-expr","locations":[{"start":{"line":649,"column":40},"end":{"line":649,"column":52}},{"start":{"line":649,"column":52},"end":{"line":649,"column":null}}],"line":649},"78":{"loc":{"start":{"line":649,"column":52},"end":{"line":649,"column":null}},"type":"cond-expr","locations":[{"start":{"line":649,"column":63},"end":{"line":649,"column":74}},{"start":{"line":649,"column":74},"end":{"line":649,"column":null}}],"line":649},"79":{"loc":{"start":{"line":656,"column":74},"end":{"line":656,"column":106}},"type":"cond-expr","locations":[{"start":{"line":656,"column":83},"end":{"line":656,"column":95}},{"start":{"line":656,"column":95},"end":{"line":656,"column":106}}],"line":656},"80":{"loc":{"start":{"line":657,"column":57},"end":{"line":657,"column":89}},"type":"cond-expr","locations":[{"start":{"line":657,"column":66},"end":{"line":657,"column":78}},{"start":{"line":657,"column":78},"end":{"line":657,"column":89}}],"line":657},"81":{"loc":{"start":{"line":665,"column":34},"end":{"line":665,"column":null}},"type":"cond-expr","locations":[{"start":{"line":665,"column":43},"end":{"line":665,"column":55}},{"start":{"line":665,"column":55},"end":{"line":665,"column":null}}],"line":665}},"s":{"0":0,"1":0,"2":0,"3":0,"4":0,"5":0,"6":0,"7":0,"8":0,"9":0,"10":0,"11":0,"12":0,"13":0,"14":0,"15":0,"16":0,"17":0,"18":0,"19":0,"20":0,"21":0,"22":0,"23":0,"24":0,"25":0,"26":0,"27":0,"28":0,"29":0,"30":0,"31":0,"32":0,"33":0,"34":0,"35":0,"36":0,"37":0,"38":0,"39":0,"40":0,"41":0,"42":0,"43":0,"44":0,"45":0,"46":0,"47":0,"48":0,"49":0,"50":0,"51":0,"52":0,"53":0,"54":0,"55":0,"56":0,"57":0,"58":0,"59":0,"60":0,"61":0,"62":0,"63":0,"64":0,"65":0,"66":0,"67":0,"68":0,"69":0,"70":0,"71":0,"72":0,"73":0,"74":0,"75":0,"76":0,"77":0,"78":0,"79":0,"80":0,"81":0,"82":0,"83":0,"84":0,"85":0,"86":0,"87":0,"88":0,"89":0,"90":0,"91":0,"92":0,"93":0},"f":{"0":0,"1":0,"2":0,"3":0,"4":0,"5":0,"6":0,"7":0,"8":0,"9":0,"10":0,"11":0,"12":0,"13":0,"14":0,"15":0,"16":0,"17":0,"18":0,"19":0,"20":0,"21":0,"22":0,"23":0,"24":0,"25":0,"26":0,"27":0,"28":0,"29":0,"30":0,"31":0,"32":0,"33":0,"34":0,"35":0,"36":0,"37":0,"38":0,"39":0,"40":0,"41":0,"42":0,"43":0,"44":0,"45":0,"46":0,"47":0,"48":0,"49":0},"b":{"0":[0],"1":[0,0],"2":[0,0],"3":[0,0],"4":[0,0],"5":[0,0],"6":[0,0],"7":[0,0],"8":[0,0],"9":[0,0],"10":[0],"11":[0,0],"12":[0,0],"13":[0,0],"14":[0,0],"15":[0,0],"16":[0,0],"17":[0,0],"18":[0,0],"19":[0,0],"20":[0,0],"21":[0,0],"22":[0,0],"23":[0,0],"24":[0,0],"25":[0,0],"26":[0,0],"27":[0,0],"28":[0,0],"29":[0,0],"30":[0,0],"31":[0,0],"32":[0,0],"33":[0,0],"34":[0,0],"35":[0,0],"36":[0,0],"37":[0,0],"38":[0,0],"39":[0,0],"40":[0,0],"41":[0,0],"42":[0,0],"43":[0,0],"44":[0,0],"45":[0,0],"46":[0,0],"47":[0,0],"48":[0,0],"49":[0,0],"50":[0,0],"51":[0,0,0,0],"52":[0,0],"53":[0,0],"54":[0,0],"55":[0,0],"56":[0,0],"57":[0,0],"58":[0,0],"59":[0,0],"60":[0,0],"61":[0,0],"62":[0,0],"63":[0,0],"64":[0,0],"65":[0,0],"66":[0,0],"67":[0,0],"68":[0,0],"69":[0,0],"70":[0,0],"71":[0,0],"72":[0,0],"73":[0,0],"74":[0,0],"75":[0,0],"76":[0,0],"77":[0,0],"78":[0,0],"79":[0,0],"80":[0,0],"81":[0,0]},"meta":{"lastBranch":82,"lastFunction":50,"lastStatement":94,"seen":{"s:65:10:72:Infinity":0,"s:74:16:74:Infinity":1,"f:77:9:77:21":0,"b:77:59:77:61":0,"s:78:2:103:Infinity":2,"b:86:28:86:37:86:37:86:46":1,"b:88:28:88:40:88:40:88:Infinity":2,"b:93:22:93:31:93:31:93:Infinity":3,"b:99:33:99:45:99:45:99:56":4,"f:106:9:106:22":1,"s:107:10:107:29":3,"s:108:17:108:Infinity":4,"s:110:2:123:Infinity":5,"b:117:24:117:36:117:36:117:Infinity":5,"f:127:9:127:17":2,"s:138:10:138:29":6,"s:139:17:139:Infinity":7,"s:141:2:153:Infinity":8,"b:145:29:145:41:145:41:145:Infinity":6,"b:152:50:152:62:152:62:152:73":7,"b:153:7:153:14:153:14:153:Infinity":8,"b:153:58:153:70:153:70:153:81":9,"f:158:9:158:20":3,"b:158:29:158:74":10,"s:159:10:159:29":9,"s:160:17:160:Infinity":10,"s:162:2:178:Infinity":11,"b:171:24:171:36:171:36:171:Infinity":11,"f:183:24:183:41":4,"s:193:10:193:29":12,"s:194:17:194:Infinity":13,"s:197:8:199:Infinity":14,"f:197:26:197:Infinity":5,"s:198:10:198:68":15,"f:198:17:198:22":6,"s:198:22:198:67":16,"s:201:8:207:Infinity":17,"f:201:22:201:Infinity":7,"s:202:10:206:Infinity":18,"f:203:40:203:45":8,"s:203:51:203:64":19,"f:204:40:204:45":9,"s:204:51:204:68":20,"f:205:40:205:45":10,"s:205:51:205:67":21,"s:209:8:227:Infinity":22,"f:209:36:209:Infinity":11,"s:211:6:226:8":23,"b:215:46:215:58:215:58:215:69":12,"b:216:40:216:52:216:52:216:63":13,"b:217:39:217:51:217:51:217:Infinity":14,"b:220:46:220:58:220:58:220:69":15,"b:224:88:224:100:224:100:224:113":16,"s:231:8:237:Infinity":24,"f:231:18:231:Infinity":12,"s:233:6:236:20":25,"f:235:9:235:15":13,"s:235:24:235:66":26,"s:239:8:271:Infinity":27,"f:239:34:239:Infinity":14,"s:241:6:270:8":28,"f:251:24:251:29":15,"s:252:10:252:Infinity":29,"b:252:37:252:48:252:48:252:Infinity":17,"b:252:75:252:86:252:86:252:Infinity":18,"f:255:30:255:35":16,"s:255:41:255:58":30,"f:256:20:256:32":17,"s:256:46:256:55":31,"b:256:81:256:93:256:93:256:104":19,"b:257:40:257:52:257:52:257:Infinity":20,"b:259:53:259:65:259:65:259:76":21,"f:262:10:262:22":18,"s:262:36:262:Infinity":32,"f:268:15:268:27":19,"s:268:41:268:61":33,"s:275:8:281:Infinity":34,"f:275:19:275:Infinity":20,"s:277:6:280:20":35,"f:279:9:279:15":21,"s:279:24:279:66":36,"s:283:8:318:Infinity":37,"f:283:35:283:Infinity":22,"s:285:6:317:8":38,"f:295:25:295:30":23,"s:296:10:296:Infinity":39,"b:296:37:296:48:296:48:296:Infinity":22,"b:296:75:296:86:296:86:296:Infinity":23,"f:299:31:299:36":24,"s:299:42:299:53":40,"b:300:46:300:58:300:58:300:69":24,"b:301:40:301:52:301:52:301:Infinity":25,"f:305:12:305:24":25,"s:305:38:305:Infinity":41,"b:306:38:306:50:306:50:306:Infinity":26,"f:311:10:311:22":26,"s:311:36:311:Infinity":42,"f:316:24:316:36":27,"s:316:50:316:70":43,"s:322:8:344:21":44,"f:322:25:322:39":28,"s:323:4:343:Infinity":45,"f:323:25:323:29":29,"s:324:18:324:Infinity":46,"b:324:18:324:30:324:30:324:Infinity":27,"s:325:6:325:Infinity":47,"b:326:6:329:Infinity:328:13:329:Infinity":28,"s:326:6:329:Infinity":48,"s:327:8:327:Infinity":49,"b:328:13:329:Infinity:undefined:undefined:undefined:undefined":29,"s:328:13:329:Infinity":50,"s:329:8:329:Infinity":51,"s:331:6:331:Infinity":52,"s:332:40:338:Infinity":53,"s:339:6:341:Infinity":54,"f:339:24:339:33":30,"b:340:8:340:Infinity:undefined:undefined:undefined:undefined":30,"s:340:8:340:Infinity":55,"s:340:59:340:Infinity":56,"s:342:6:342:Infinity":57,"s:346:8:394:Infinity":58,"f:346:34:346:Infinity":31,"s:348:6:393:8":59,"f:351:31:351:36":32,"s:351:42:351:55":60,"b:361:34:361:46:361:46:361:Infinity":31,"f:363:18:363:Infinity":33,"s:364:20:364:Infinity":61,"f:364:42:364:50":34,"s:364:59:364:72":62,"b:366:41:366:53:366:53:366:64":32,"b:373:37:373:49:373:49:373:60":33,"f:378:12:378:24":35,"s:379:24:379:Infinity":63,"s:380:14:380:Infinity":64,"b:380:25:380:72:380:72:380:81":34,"f:386:10:386:22":36,"s:387:22:387:Infinity":65,"s:388:12:388:Infinity":66,"b:388:23:388:57:388:57:388:Infinity":35,"s:398:8:404:Infinity":67,"f:398:19:398:Infinity":37,"s:400:6:403:21":68,"f:402:9:402:15":38,"s:402:24:402:60":69,"s:406:8:443:Infinity":70,"f:406:35:406:Infinity":39,"s:408:6:442:8":71,"f:420:31:420:36":40,"s:420:42:420:58":72,"b:421:46:421:58:421:58:421:69":36,"b:422:40:422:52:422:52:422:Infinity":37,"b:425:70:425:82:425:82:425:93":38,"b:426:46:426:58:426:58:426:69":39,"f:436:12:436:24":41,"s:437:24:437:Infinity":73,"s:438:14:438:Infinity":74,"b:438:25:438:74:438:74:438:83":40,"s:446:21:446:Infinity":75,"s:447:21:447:Infinity":76,"s:448:21:448:Infinity":77,"s:449:21:449:Infinity":78,"b:449:21:449:52:449:52:449:Infinity":41,"s:450:22:450:Infinity":79,"b:450:39:450:51:450:51:450:Infinity":42,"b:450:69:450:80:450:80:450:Infinity":43,"b:452:2:462:Infinity:undefined:undefined:undefined:undefined":44,"s:452:2:462:Infinity":80,"s:453:4:462:Infinity":81,"f:455:22:455:27":42,"s:456:10:460:Infinity":82,"b:457:48:457:60:457:60:457:71":45,"s:466:2:679:Infinity":83,"b:474:48:474:72:474:72:474:102":46,"b:475:48:475:76:475:76:475:102":47,"b:476:48:476:77:476:77:476:102":48,"b:477:48:477:75:477:75:477:102":49,"b:479:52:479:79:479:79:479:82":50,"f:480:12:480:17":43,"s:481:12:483:Infinity":84,"b:489:8:489:21:489:21:489:35:489:35:489:Infinity:490:8:548:Infinity":51,"b:491:11:491:Infinity:492:12:507:Infinity":52,"b:496:39:496:51:496:51:496:Infinity":53,"b:501:91:501:103:501:103:501:114":54,"b:502:91:502:103:502:103:502:114":55,"b:509:11:509:Infinity:510:12:525:Infinity":56,"b:514:39:514:51:514:51:514:Infinity":57,"b:519:91:519:103:519:103:519:114":58,"b:520:91:520:103:520:103:520:114":59,"b:527:11:527:Infinity:528:12:548:Infinity":60,"b:532:39:532:51:532:51:532:Infinity":61,"b:537:91:537:103:537:103:537:114":62,"b:539:88:539:100:539:100:539:111":63,"b:542:50:542:88:542:88:542:Infinity":64,"b:556:44:556:56:556:56:556:67":65,"b:558:12:565:13:565:12:565:Infinity":66,"b:574:46:574:58:574:58:574:69":67,"b:576:14:583:15:583:14:583:Infinity":68,"f:578:58:578:63":44,"s:578:69:578:100":85,"b:590:46:590:58:590:58:590:69":69,"b:592:14:599:15:599:14:599:Infinity":70,"f:594:59:594:64":45,"s:594:70:594:101":86,"b:609:46:609:58:609:58:609:69":71,"b:611:14:618:15:618:14:618:Infinity":72,"f:613:39:613:44":46,"s:613:50:613:58":87,"b:625:46:625:58:625:58:625:69":73,"b:627:14:634:15:634:14:634:Infinity":74,"f:629:59:629:64":47,"s:629:70:629:89":88,"b:641:7:641:Infinity:642:8:679:Infinity":75,"b:644:46:644:58:644:58:644:69":76,"f:646:44:646:49":48,"s:647:29:647:101":89,"f:647:70:647:75":49,"s:647:81:647:97":90,"s:648:29:648:71":91,"s:649:29:649:Infinity":92,"b:649:40:649:52:649:52:649:Infinity":77,"b:649:63:649:74:649:74:649:Infinity":78,"s:650:16:674:Infinity":93,"b:656:83:656:95:656:95:656:106":79,"b:657:66:657:78:657:78:657:89":80,"b:665:43:665:55:665:55:665:Infinity":81}}}
,"D:\\diplomm\\frontend\\src\\components\\statistics\\StatisticsPdfExporter.tsx": {"path":"D:\\diplomm\\frontend\\src\\components\\statistics\\StatisticsPdfExporter.tsx","statementMap":{"0":{"start":{"line":9,"column":24},"end":{"line":9,"column":null}},"1":{"start":{"line":12,"column":10},"end":{"line":21,"column":null}},"2":{"start":{"line":23,"column":16},"end":{"line":23,"column":null}},"3":{"start":{"line":52,"column":20},"end":{"line":52,"column":51}},"4":{"start":{"line":53,"column":21},"end":{"line":53,"column":49}},"5":{"start":{"line":54,"column":21},"end":{"line":54,"column":49}},"6":{"start":{"line":57,"column":8},"end":{"line":57,"column":52}},"7":{"start":{"line":58,"column":8},"end":{"line":58,"column":54}},"8":{"start":{"line":59,"column":8},"end":{"line":59,"column":52}},"9":{"start":{"line":60,"column":8},"end":{"line":60,"column":50}},"10":{"start":{"line":61,"column":8},"end":{"line":61,"column":51}},"11":{"start":{"line":62,"column":8},"end":{"line":62,"column":59}},"12":{"start":{"line":63,"column":8},"end":{"line":63,"column":56}},"13":{"start":{"line":64,"column":8},"end":{"line":64,"column":52}},"14":{"start":{"line":67,"column":8},"end":{"line":96,"column":21}},"15":{"start":{"line":68,"column":4},"end":{"line":95,"column":null}},"16":{"start":{"line":69,"column":18},"end":{"line":69,"column":null}},"17":{"start":{"line":71,"column":6},"end":{"line":71,"column":null}},"18":{"start":{"line":74,"column":6},"end":{"line":77,"column":null}},"19":{"start":{"line":75,"column":8},"end":{"line":75,"column":null}},"20":{"start":{"line":76,"column":13},"end":{"line":77,"column":null}},"21":{"start":{"line":77,"column":8},"end":{"line":77,"column":null}},"22":{"start":{"line":80,"column":6},"end":{"line":80,"column":null}},"23":{"start":{"line":82,"column":46},"end":{"line":88,"column":null}},"24":{"start":{"line":90,"column":6},"end":{"line":92,"column":null}},"25":{"start":{"line":91,"column":8},"end":{"line":91,"column":null}},"26":{"start":{"line":91,"column":59},"end":{"line":91,"column":null}},"27":{"start":{"line":94,"column":6},"end":{"line":94,"column":null}},"28":{"start":{"line":98,"column":8},"end":{"line":104,"column":27}},"29":{"start":{"line":99,"column":4},"end":{"line":103,"column":null}},"30":{"start":{"line":100,"column":18},"end":{"line":100,"column":null}},"31":{"start":{"line":101,"column":6},"end":{"line":101,"column":null}},"32":{"start":{"line":102,"column":6},"end":{"line":102,"column":null}},"33":{"start":{"line":107,"column":8},"end":{"line":121,"column":null}},"34":{"start":{"line":107,"column":65},"end":{"line":121,"column":null}},"35":{"start":{"line":123,"column":23},"end":{"line":228,"column":null}},"36":{"start":{"line":124,"column":4},"end":{"line":124,"column":null}},"37":{"start":{"line":125,"column":4},"end":{"line":228,"column":null}},"38":{"start":{"line":127,"column":6},"end":{"line":127,"column":null}},"39":{"start":{"line":127,"column":35},"end":{"line":127,"column":60}},"40":{"start":{"line":129,"column":18},"end":{"line":129,"column":82}},"41":{"start":{"line":130,"column":24},"end":{"line":130,"column":56}},"42":{"start":{"line":131,"column":25},"end":{"line":131,"column":58}},"43":{"start":{"line":132,"column":21},"end":{"line":132,"column":null}},"44":{"start":{"line":133,"column":27},"end":{"line":133,"column":null}},"45":{"start":{"line":135,"column":25},"end":{"line":142,"column":null}},"46":{"start":{"line":136,"column":8},"end":{"line":136,"column":null}},"47":{"start":{"line":136,"column":26},"end":{"line":136,"column":null}},"48":{"start":{"line":137,"column":8},"end":{"line":142,"column":null}},"49":{"start":{"line":145,"column":24},"end":{"line":154,"column":null}},"50":{"start":{"line":146,"column":8},"end":{"line":146,"column":null}},"51":{"start":{"line":147,"column":8},"end":{"line":147,"column":null}},"52":{"start":{"line":149,"column":8},"end":{"line":149,"column":null}},"53":{"start":{"line":149,"column":37},"end":{"line":149,"column":60}},"54":{"start":{"line":150,"column":29},"end":{"line":150,"column":60}},"55":{"start":{"line":151,"column":8},"end":{"line":154,"column":null}},"56":{"start":{"line":152,"column":25},"end":{"line":152,"column":null}},"57":{"start":{"line":153,"column":27},"end":{"line":153,"column":null}},"58":{"start":{"line":154,"column":10},"end":{"line":154,"column":null}},"59":{"start":{"line":159,"column":27},"end":{"line":159,"column":58}},"60":{"start":{"line":160,"column":29},"end":{"line":160,"column":62}},"61":{"start":{"line":161,"column":27},"end":{"line":161,"column":58}},"62":{"start":{"line":163,"column":21},"end":{"line":163,"column":null}},"63":{"start":{"line":164,"column":6},"end":{"line":168,"column":null}},"64":{"start":{"line":165,"column":19},"end":{"line":165,"column":null}},"65":{"start":{"line":166,"column":20},"end":{"line":166,"column":null}},"66":{"start":{"line":167,"column":8},"end":{"line":167,"column":null}},"67":{"start":{"line":168,"column":8},"end":{"line":168,"column":null}},"68":{"start":{"line":170,"column":6},"end":{"line":174,"column":null}},"69":{"start":{"line":171,"column":19},"end":{"line":171,"column":null}},"70":{"start":{"line":172,"column":20},"end":{"line":172,"column":null}},"71":{"start":{"line":173,"column":8},"end":{"line":173,"column":null}},"72":{"start":{"line":174,"column":8},"end":{"line":174,"column":null}},"73":{"start":{"line":176,"column":6},"end":{"line":179,"column":null}},"74":{"start":{"line":177,"column":19},"end":{"line":177,"column":null}},"75":{"start":{"line":178,"column":20},"end":{"line":178,"column":null}},"76":{"start":{"line":179,"column":8},"end":{"line":179,"column":null}},"77":{"start":{"line":181,"column":6},"end":{"line":181,"column":null}},"78":{"start":{"line":184,"column":6},"end":{"line":184,"column":null}},"79":{"start":{"line":185,"column":25},"end":{"line":185,"column":54}},"80":{"start":{"line":186,"column":6},"end":{"line":189,"column":null}},"81":{"start":{"line":187,"column":19},"end":{"line":187,"column":null}},"82":{"start":{"line":188,"column":20},"end":{"line":188,"column":null}},"83":{"start":{"line":189,"column":8},"end":{"line":189,"column":null}},"84":{"start":{"line":191,"column":6},"end":{"line":191,"column":null}},"85":{"start":{"line":194,"column":6},"end":{"line":194,"column":null}},"86":{"start":{"line":195,"column":26},"end":{"line":195,"column":56}},"87":{"start":{"line":196,"column":6},"end":{"line":199,"column":null}},"88":{"start":{"line":197,"column":19},"end":{"line":197,"column":null}},"89":{"start":{"line":198,"column":20},"end":{"line":198,"column":null}},"90":{"start":{"line":199,"column":8},"end":{"line":199,"column":null}},"91":{"start":{"line":201,"column":6},"end":{"line":201,"column":null}},"92":{"start":{"line":204,"column":6},"end":{"line":204,"column":null}},"93":{"start":{"line":205,"column":34},"end":{"line":205,"column":72}},"94":{"start":{"line":206,"column":6},"end":{"line":209,"column":null}},"95":{"start":{"line":207,"column":20},"end":{"line":207,"column":null}},"96":{"start":{"line":208,"column":21},"end":{"line":208,"column":null}},"97":{"start":{"line":209,"column":8},"end":{"line":209,"column":null}},"98":{"start":{"line":211,"column":6},"end":{"line":211,"column":null}},"99":{"start":{"line":214,"column":6},"end":{"line":214,"column":null}},"100":{"start":{"line":215,"column":31},"end":{"line":215,"column":66}},"101":{"start":{"line":216,"column":6},"end":{"line":219,"column":null}},"102":{"start":{"line":217,"column":19},"end":{"line":217,"column":null}},"103":{"start":{"line":218,"column":20},"end":{"line":218,"column":null}},"104":{"start":{"line":219,"column":8},"end":{"line":219,"column":null}},"105":{"start":{"line":221,"column":6},"end":{"line":221,"column":null}},"106":{"start":{"line":223,"column":6},"end":{"line":223,"column":null}},"107":{"start":{"line":224,"column":6},"end":{"line":224,"column":null}},"108":{"start":{"line":226,"column":6},"end":{"line":226,"column":null}},"109":{"start":{"line":228,"column":6},"end":{"line":228,"column":null}},"110":{"start":{"line":232,"column":48},"end":{"line":241,"column":null}},"111":{"start":{"line":243,"column":42},"end":{"line":249,"column":null}},"112":{"start":{"line":251,"column":39},"end":{"line":257,"column":null}},"113":{"start":{"line":259,"column":39},"end":{"line":262,"column":null}},"114":{"start":{"line":264,"column":2},"end":{"line":548,"column":null}},"115":{"start":{"line":318,"column":14},"end":{"line":323,"column":null}},"116":{"start":{"line":335,"column":53},"end":{"line":335,"column":66}},"117":{"start":{"line":336,"column":57},"end":{"line":336,"column":74}},"118":{"start":{"line":337,"column":52},"end":{"line":337,"column":68}},"119":{"start":{"line":341,"column":39},"end":{"line":341,"column":83}},"120":{"start":{"line":358,"column":81},"end":{"line":358,"column":112}},"121":{"start":{"line":361,"column":57},"end":{"line":361,"column":105}},"122":{"start":{"line":363,"column":63},"end":{"line":363,"column":80}},"123":{"start":{"line":367,"column":59},"end":{"line":367,"column":68}},"124":{"start":{"line":383,"column":16},"end":{"line":392,"column":null}},"125":{"start":{"line":404,"column":78},"end":{"line":404,"column":109}},"126":{"start":{"line":407,"column":54},"end":{"line":407,"column":102}},"127":{"start":{"line":409,"column":60},"end":{"line":409,"column":71}},"128":{"start":{"line":413,"column":59},"end":{"line":413,"column":68}},"129":{"start":{"line":427,"column":16},"end":{"line":432,"column":null}},"130":{"start":{"line":447,"column":48},"end":{"line":447,"column":56}},"131":{"start":{"line":449,"column":50},"end":{"line":449,"column":63}},"132":{"start":{"line":461,"column":90},"end":{"line":461,"column":109}},"133":{"start":{"line":465,"column":72},"end":{"line":465,"column":85}},"134":{"start":{"line":486,"column":18},"end":{"line":490,"column":null}},"135":{"start":{"line":503,"column":89},"end":{"line":503,"column":116}},"136":{"start":{"line":508,"column":66},"end":{"line":508,"column":82}},"137":{"start":{"line":512,"column":59},"end":{"line":512,"column":69}},"138":{"start":{"line":526,"column":16},"end":{"line":533,"column":null}}},"fnMap":{"0":{"name":"StatisticsPdfExporter","decl":{"start":{"line":39,"column":24},"end":{"line":39,"column":46}},"loc":{"start":{"line":51,"column":10},"end":{"line":548,"column":null}},"line":51},"1":{"name":"(anonymous_1)","decl":{"start":{"line":67,"column":25},"end":{"line":67,"column":39}},"loc":{"start":{"line":67,"column":39},"end":{"line":96,"column":6}},"line":67},"2":{"name":"(anonymous_2)","decl":{"start":{"line":68,"column":25},"end":{"line":68,"column":29}},"loc":{"
[...]
48,"column":8},"end":{"line":253,"column":null}},"type":"binary-expr","locations":[{"start":{"line":248,"column":8},"end":{"line":248,"column":36}},{"start":{"line":248,"column":36},"end":{"line":248,"column":66}},{"start":{"line":248,"column":66},"end":{"line":248,"column":null}},{"start":{"line":249,"column":8},"end":{"line":253,"column":null}}],"line":248},"29":{"loc":{"start":{"line":281,"column":20},"end":{"line":281,"column":null}},"type":"if","locations":[{"start":{"line":281,"column":20},"end":{"line":281,"column":null}},{"start":{},"end":{}}],"line":281}},"s":{"0":1,"1":3,"2":3,"3":1,"4":0,"5":1,"6":1,"7":3,"8":3,"9":3,"10":3,"11":3,"12":3,"13":3,"14":3,"15":3,"16":3,"17":3,"18":3,"19":3,"20":3,"21":3,"22":3,"23":0,"24":0,"25":0,"26":0,"27":0,"28":3,"29":1,"30":0,"31":0,"32":0,"33":0,"34":0,"35":0,"36":0,"37":0,"38":0,"39":3,"40":1,"41":1,"42":1,"43":3,"44":1,"45":1,"46":1,"47":1,"48":0,"49":1,"50":0,"51":1,"52":1,"53":1,"54":1,"55":1,"56":0,"57":1,"58":3,"59":0,"60":0,"61":0,"62":0,"63":0,"64":0,"65":0,"66":0,"67":0,"68":0,"69":0,"70":0,"71":0,"72":0,"73":3,"74":1,"75":3,"76":0,"77":0,"78":0,"79":3,"80":0,"81":0,"82":0,"83":0,"84":0,"85":3,"86":1,"87":3,"88":0,"89":0,"90":0,"91":0,"92":0,"93":0},"f":{"0":3,"1":1,"2":0,"3":1,"4":3,"5":0,"6":1,"7":0,"8":0,"9":0,"10":0,"11":0,"12":0,"13":0,"14":1,"15":1,"16":0,"17":1,"18":0,"19":0,"20":1,"21":0,"22":0,"23":0,"24":0,"25":0},"b":{"0":[3,3],"1":[0,1],"2":[0,0],"3":[0,1],"4":[0,0],"5":[0,1],"6":[0,0],"7":[0,1],"8":[0,0],"9":[0,0],"10":[0,1],"11":[0,0],"12":[0,0,0],"13":[0,0],"14":[1,0],"15":[1],"16":[1],"17":[1,1],"18":[0,1],"19":[0,1],"20":[0,0],"21":[0,0],"22":[0,0],"23":[0,0],"24":[0,0],"25":[0,0],"26":[0,0],"27":[0,0],"28":[3,3,0,0],"29":[0,0]},"meta":{"lastBranch":30,"lastFunction":26,"lastStatement":94,"seen":{"s:22:0:22:Infinity":0,"f:48:9:48:30":0,"s:49:25:49:61":1,"s:51:2:54:Infinity":2,"f:51:2:51:18":1,"s:52:18:52:67":3,"f:52:18:52:35":2,"s:52:35:52:59":4,"s:53:4:53:Infinity":5,"f:53:4:53:17":3,"s:53:17:53:36":6,"s:56:2:56:Infinity":7,"f:59:24:59:42":4,"s:60:8:60:24":8,"s:61:8:61:32":9,"s:62:17:62:31":10,"s:63:15:63:55":11,"s:64:18:64:47":12,"s:65:20:65:80":13,"s:66:15:66:37":14,"s:67:19:67:46":15,"s:68:16:68:39":16,"s:69:21:69:91":17,"s:70:18:70:56":18,"s:71:27:71:58":19,"s:72:29:72:Infinity":20,"b:72:29:72:58:72:58:72:Infinity":0,"s:73:18:73:Infinity":21,"s:75:8:83:8":22,"f:75:35:75:42":5,"s:76:4:81:Infinity":23,"s:77:6:77:Infinity":24,"s:78:6:78:Infinity":25,"s:79:6:79:Infinity":26,"s:81:6:81:Infinity":27,"s:85:8:160:Infinity":28,"f:85:18:85:Infinity":6,"s:86:10:159:Infinity":29,"f:90:8:90:17":7,"s:90:31:90:78":30,"b:93:51:93:97:93:97:93:Infinity":1,"b:93:73:93:85:93:85:93:97":2,"b:99:58:99:104:99:104:99:Infinity":3,"b:99:80:99:92:99:92:99:104":4,"b:105:55:105:101:105:101:105:Infinity":5,"b:105:77:105:89:105:89:105:101":6,"b:111:56:111:102:111:102:111:Infinity":7,"b:111:78:111:90:111:90:111:102":8,"f:116:8:116:17":8,"s:117:10:117:Infinity":31,"b:117:24:117:62:117:61:117:Infinity":9,"b:119:53:119:99:119:99:119:Infinity":10,"b:119:75:119:87:119:87:119:99":11,"f:124:8:124:17":9,"s:125:10:136:Infinity":32,"f:127:21:127:33":10,"s:128:14:131:Infinity":33,"s:129:16:129:Infinity":34,"s:131:16:131:Infinity":35,"f:142:8:142:17":11,"s:143:10:156:Infinity":36,"b:144:14:144:36:144:36:144:Infinity:145:14:149:Infinity":12,"f:145:35:145:50":12,"s:145:50:145:89":37,"b:149:13:149:Infinity:150:14:156:Infinity":13,"f:150:53:150:70":13,"s:150:70:150:95":38,"s:163:8:168:24":39,"f:163:36:163:48":14,"b:164:4:166:Infinity:undefined:undefined:undefined:undefined":14,"s:164:4:166:Infinity":40,"s:165:23:165:51":41,"s:166:6:166:Infinity":42,"s:170:8:200:36":43,"f:170:31:170:38":15,"b:170:42:170:45":15,"b:170:50:170:57":16,"s:171:4:171:Infinity":44,"s:172:4:198:Infinity":45,"s:173:26:181:Infinity":46,"b:175:21:175:53:175:53:175:Infinity":17,"b:183:6:184:Infinity:undefined:undefined:undefined:undefined":18,"s:183:6:184:Infinity":47,"s:184:8:184:Infinity":48,"b:186:6:187:Infinity:undefined:undefined:undefined:undefined":19,"s:186:6:187:Infinity":49,"s:187:8:187:Infinity":50,"s:190:23:190:65":51,"s:191:6:191:Infinity":52,"s:192:6:192:Infinity":53,"s:193:6:193:Infinity":54,"s:194:6:194:Infinity":55,"s:196:6:196:Infinity":56,"s:198:6:198:Infinity":57,"s:202:8:222:34":58,"f:202:28:202:41":16,"s:203:25:203:Infinity":59,"b:203:49:203:61:203:61:203:Infinity":20,"s:204:22:204:Infinity":60,"b:204:43:204:64:204:64:204:Infinity":21,"s:205:24:205:Infinity":61,"s:207:24:207:Infinity":62,"b:207:24:207:59:207:59:207:Infinity":22,"s:208:24:208:Infinity":63,"b:208:24:208:58:208:58:208:Infinity":23,"b:210:4:216:Infinity:214:11:216:Infinity":24,"s:210:4:216:Infinity":64,"s:211:6:211:Infinity":65,"s:212:6:212:Infinity":66,"s:213:6:213:Infinity":67,"b:214:11:216:Infinity:undefined:undefined:undefined:undefined":25,"s:214:11:216:Infinity":68,"s:215:6:215:Infinity":69,"s:216:6:216:Infinity":70,"b:219:4:220:Infinity:undefined:undefined:undefined:undefined":26,"s:219:4:220:Infinity":71,"b:219:8:219:23:219:23:219:36":27,"s:220:6:220:Infinity":72,"s:224:2:226:Infinity":73,"f:224:2:224:18":17,"s:225:4:225:Infinity":74,"s:228:8:232:8":75,"f:228:23:228:36":18,"s:229:4:229:Infinity":76,"s:230:4:230:Infinity":77,"s:231:4:231:Infinity":78,"s:234:8:240:12":79,"f:234:22:234:40":19,"s:235:4:235:Infinity":80,"s:236:4:236:Infinity":81,"s:237:4:237:Infinity":82,"s:238:4:238:Infinity":83,"s:239:4:239:Infinity":84,"s:242:2:244:Infinity":85,"f:242:2:242:18":20,"s:243:4:243:Infinity":86,"s:246:2:343:Infinity":87,"b:248:8:248:36:248:36:248:66:248:66:248:Infinity:249:8:253:Infinity":28,"f:279:37:279:42":21,"s:279:49:279:81":88,"f:280:18:280:33":22,"b:281:20:281:Infinity:undefined:undefined:undefined:undefined":29,"s:281:20:281:Infinity":89,"s:281:30:281:Infinity":90,"f:292:18:292:29":23,"s:293:20:293:Infinity":91,"f:293:20:293:32":24,"s:293:42:293:84":92,"f:338:12:338:24":25,"s:338:34:338:Infinity":93}}}
,"D:\\diplomm\\frontend\\src\\theme\\ThemeContext.tsx": {"path":"D:\\diplomm\\frontend\\src\\theme\\ThemeContext.tsx","statementMap":{"0":{"start":{"line":10,"column":6},"end":{"line":10,"column":76}},"1":{"start":{"line":12,"column":26},"end":{"line":12,"column":null}},"2":{"start":{"line":15,"column":17},"end":{"line":15,"column":56}},"3":{"start":{"line":16,"column":2},"end":{"line":17,"column":null}},"4":{"start":{"line":17,"column":4},"end":{"line":17,"column":null}},"5":{"start":{"line":21,"column":2},"end":{"line":22,"column":null}},"6":{"start":{"line":22,"column":4},"end":{"line":22,"column":null}},"7":{"start":{"line":25,"column":2},"end":{"line":25,"column":null}},"8":{"start":{"line":29,"column":15},"end":{"line":29,"column":62}},"9":{"start":{"line":31,"column":2},"end":{"line":45,"column":null}},"10":{"start":{"line":32,"column":4},"end":{"line":32,"column":null}},"11":{"start":{"line":35,"column":4},"end":{"line":35,"column":null}},"12":{"start":{"line":38,"column":4},"end":{"line":38,"column":null}},"13":{"start":{"line":41,"column":27},"end":{"line":41,"column":77}},"14":{"start":{"line":42,"column":4},"end":{"line":43,"column":null}},"15":{"start":{"line":43,"column":6},"end":{"line":43,"column":null}},"16":{"start":{"line":48,"column":2},"end":{"line":59,"column":null}},"17":{"start":{"line":49,"column":23},"end":{"line":49,"column":72}},"18":{"start":{"line":50,"column":10},"end":{"line":53,"column":null}},"19":{"start":{"line":51,"column":21},"end":{"line":51,"column":60}},"20":{"start":{"line":52,"column":6},"end":{"line":53,"column":null}},"21":{"start":{"line":53,"column":8},"end":{"line":53,"column":null}},"22":{"start":{"line":57,"column":4},"end":{"line":57,"column":null}},"23":{"start":{"line":58,"column":4},"end":{"line":58,"column":null}},"24":{"start":{"line":58,"column":17},"end":{"line":58,"column":71}},"25":{"start":{"line":61,"column":8},"end":{"line":62,"column":null}},"26":{"start":{"line":62,"column":4},"end":{"line":62,"column":null}},"27":{"start":{"line":62,"column":23},"end":{"line":62,"column":59}},"28":{"start":{"line":65,"column":35},"end":{"line":68,"column":null}},"29":{"start":{"line":70,"column":2},"end":{"line":71,"column":null}},"30":{"start":{"line":76,"column":8},"end":{"line":76,"column":42}},"31":{"start":{"line":77,"column":2},"end":{"line":78,"column":null}},"32":{"start":{"line":78,"column":4},"end":{"line":78,"column":null}},"33":{"start":{"line":80,"column":2},"end":{"line":80,"column":null}}},"fnMap":{"0":{"name":"getInitialTheme","decl":{"start":{"line":14,"column":9},"end":{"line":14,"column":38}},"loc":{"start":{"line":14,"column":38},"end":{"line":25,"column":null}},"line":14},"1":{"name":"ThemeProvider","decl":{"start":{"line":28,"column":16},"end":{"line":28,"column":30}},"loc":{"start":{"line":28,"column":75},"end":{"line":71,"column":null}},"line":28},"2":{"name":"(anonymous_2)","decl":{"start":{"line":31,"column":2},"end":{"line":31,"column":18}},"loc":{"start":{"line":31,"column":18},"end":{"line":45,"column":6}},"line":31},"3":{"name":"(anonymous_3)","decl":{"start":{"line":48,"column":2},"end":{"line":48,"column":18}},"loc":{"start":{"line":48,"column":18},"end":{"line":59,"column":7}},"line":48},"4":{"name":"(anonymous_4)","decl":{"start":{"line":50,"column":10},"end":{"line":50,"column":26}},"loc":{"start":{"line":50,"column":53},"end":{"line":53,"column":null}},"line":50},"5":{"name":"(anonymous_5)","decl":{"start":{"line":58,"column":4},"end":{"line":58,"column":17}},"loc":{"start":{"line":58,"column":17},"end":{"line":58,"column":71}},"line":58},"6":{"name":"(anonymous_6)","decl":{"start":{"line":61,"column":8},"end":{"line":61,"column":28}},"loc":{"start":{"line":61,"column":28},"end":{"line":62,"column":null}},"line":61},"7":{"name":"(anonymous_7)","decl":{"start":{"line":62,"column":4},"end":{"line":62,"column":13}},"loc":{"start":{"line":62,"column":23},"end":{"line":62,"column":59}},"line":62},"8":{"name":"useTheme","decl":{"start":{"line":75,"column":16},"end":{"line":75,"column":27}},"loc":{"start":{"line":75,"column":27},"end":{"line":80,"column":null}},"line":75}},"branchMap":{"0":{"loc":{"start":{"line":16,"column":2},"end":{"line":17,"column":null}},"type":"if","locations":[{"start":{"line":16,"column":2},"end":{"line":17,"column":null}},{"start":{},"end":{}}],"line":16},"1":{"loc":{"start":{"line":16,"column":6},"end":{"line":16,"column":47}},"type":"binary-expr","locations":[{"start":{"line":16,"column":6},"end":{"line":16,"column":27}},{"start":{"line":16,"column":27},"end":{"line":16,"column":47}}],"line":16},"2":{"loc":{"start":{"line":21,"column":2},"end":{"line":22,"column":null}},"type":"if","locations":[{"start":{"line":21,"column":2},"end":{"line":22,"column":null}},{"start":{},"end":{}}],"line":21},"3":{"loc":{"start":{"line":21,"column":6},"end":{"line":21,"column":87}},"type":"binary-expr","locations":[{"start":{"line":21,"column":6},"end":{"line":21,"column":27}},{"start":{"line":21,"column":27},"end":{"line":21,"column":87}}],"line":21},"4":{"loc":{"start":{"line":42,"column":4},"end":{"line":43,"column":null}},"type":"if","locations":[{"start":{"line":42,"column":4},"end":{"line":43,"column":null}},{"start":{},"end":{}}],"line":42},"5":{"loc":{"start":{"line":43,"column":45},"end":{"line":43,"column":85}},"type":"cond-expr","locations":[{"start":{"line":43,"column":63},"end":{"line":43,"column":75}},{"start":{"line":43,"column":75},"end":{"line":43,"column":85}}],"line":43},"6":{"loc":{"start":{"line":52,"column":6},"end":{"line":53,"column":null}},"type":"if","locations":[{"start":{"line":52,"column":6},"end":{"line":53,"column":null}},{"start":{},"end":{}}],"line":52},"7":{"loc":{"start":{"line":53,"column":16},"end":{"line":53,"column":45}},"type":"cond-expr","locations":[{"start":{"line":53,"column":28},"end":{"line":53,"column":37}},{"start":{"line":53,"column":37},"end":{"line":53,"column":45}}],"line":53},"8":{"loc":{"start":{"line":62,"column":23},"end":{"line":62,"column":59}},"type":"cond-expr","locations":[{"start":{"line":62,"column":41},"end":{"line":62,"column":51}},{"start":{"line":62,"column":51},"end":{"line":62,"column":59}}],"line":62},"9":{"loc":{"start":{"line":77,"column":2},"end":{"line":78,"column":null}},"type":"if","locations":[{"start":{"line":77,"column":2},"end":{"line":78,"column":null}},{"start":{},"end":{}}],"line":77}},"s":{"0":1,"1":1,"2":3,"3":3,"4":2,"5":1,"6":1,"7":0,"8":4,"9":4,"10":4,"11":4,"12":4,"13":4,"14":4,"15":0,"16":4,"17":3,"18":3,"19":0,"20":0,"21":0,"22":3,"23":3,"24":3,"25":4,"26":1,"27":1,"28":4,"29":4,"30":4,"31":4,"32":0,"33":4},"f":{"0":3,"1":4,"2":4,"3":3,"4":0,"5":3,"6":1,"7":1,"8":4},"b":{"0":[2,1],"1":[3,2],"2":[1,0],"3":[1,1],"4":[0,4],"5":[0,0],"6":[0,0],"7":[0,0],"8":[1,0],"9":[0,4]},"meta":{"lastBranch":10,"lastFunction":9,"lastStatement":34,"seen":{"s:10:6:10:76":0,"s:12:26:12:Infinity":1,"f:14:9:14:38":0,"s:15:17:15:56":2,"b:16:2:17:Infinity:undefined:undefined:undefined:undefined":0,"s:16:2:17:Infinity":3,"b:16:6:16:27:16:27:16:47":1,"s:17:4:17:Infinity":4,"b:21:2:22:Infinity:undefined:undefined:undefined:undefined":2,"s:21:2:22:Infinity":5,"b:21:6:21:27:21:27:21:87":3,"s:22:4:22:Infinity":6,"s:25:2:25:Infinity":7,"f:28:16:28:30":1,"s:29:15:29:62":8,"s:31:2:45:Infinity":9,"f:31:2:31:18":2,"s:32:4:32:Infinity":10,"s:35:4:35:Infinity":11,"s:38:4:38:Infinity":12,"s:41:27:41:77":13,"b:42:4:43:Infinity:undefined:undefined:undefined:undefined":4,"s:42:4:43:Infinity":14,"s:43:6:43:Infinity":15,"b:43:63:43:75:43:75:43:85":5,"s:48:2:59:Infinity":16,"f:48:2:48:18":3,"s:49:23:49:72":17,"s:50:10:53:Infinity":18,"f:50:10:50:26":4,"s:51:21:51:60":19,"b:52:6:53:Infinity:undefined:undefined:undefined:undefined":6,"s:52:6:53:Infinity":20,"s:53:8:53:Infinity":21,"b:53:28:53:37:53:37:53:45":7,"s:57:4:57:Infinity":22,"s:58:4:58:Infinity":23,"f:58:4:58:17":5,"s:58:17:58:71":24,"s:61:8:62:Infinity":25,"f:61:8:61:28":6,"s:62:4:62:Infinity":26,"f:62:4:62:13":7,"s:62:23:62:59":27,"b:62:41:62:51:62:51:62:59":8,"s:65:35:68:Infinity":28,"s:70:2:71:Infinity":29,"f:75:16:75:27":8,"s:76:8:76:42":30,"b:77:2:78:Infinity:undefined:undefined:undefined:undefined":9,"s:77:2:78:Infinity":31,"s:78:4:78:Infinity":32,"s:80:2:80:Infinity":33}}}
,"D:\\diplomm\\frontend\\src\\theme\\antdTheme.ts": {"path":"D:\\diplomm\\frontend\\src\\theme\\antdTheme.ts","statementMap":{"0":{"start":{"line":3,"column":13},"end":{"line":35,"column":null}},"1":{"start":{"line":4,"column":17},"end":{"line":4,"column":null}},"2":{"start":{"line":6,"column":2},"end":{"line":35,"column":null}}},"fnMap":{"0":{"name":"(anonymous_0)","decl":{"start":{"line":3,"column":13},"end":{"line":3,"column":29}},"loc":{"start":{"line":3,"column":69},"end":{"line":35,"column":null}},"line":3}},"branchMap":{"0":{"loc":{"start":{"line":7,"column":15},"end":{"line":7,"column":null}},"type":"cond-expr","locations":[{"start":{"line":7,"column":24},"end":{"line":7,"column":46}},{"start":{"line":7,"column":46},"end":{"line":7,"column":null}}],"line":7},"1":{"loc":{"start":{"line":10,"column":19},"end":{"line":10,"column":null}},"type":"cond-expr","locations":[{"start":{"line":10,"column":28},"end":{"line":10,"column":40}},{"start":{"line":10,"column":40},"end":{"line":10,"column":null}}],"line":10},"2":{"loc":{"start":{"line":11,"column":21},"end":{"line":11,"column":null}},"type":"cond-expr","locations":[{"start":{"line":11,"column":30},"end":{"line":11,"column":42}},{"start":{"line":11,"column":42},"end":{"line":11,"column":null}}],"line":11},"3":{"loc":{"start":{"line":17,"column":18},"end":{"line":17,"column":null}},"type":"cond-expr","locations":[{"start":{"line":17,"column":27},"end":{"line":17,"column":39}},{"start":{"line":17,"column":39},"end":{"line":17,"column":null}}],"line":17},"4":{"loc":{"start":{"line":18,"column":16},"end":{"line":18,"column":null}},"type":"cond-expr","locations":[{"start":{"line":18,"column":25},"end":{"line":18,"column":37}},{"start":{"line":18,"column":37},"end":{"line":18,"column":null}}],"line":18},"5":{"loc":{"start":{"line":19,"column":19},"end":{"line":19,"column":null}},"type":"cond-expr","locations":[{"start":{"line":19,"column":28},"end":{"line":19,"column":40}},{"start":{"line":19,"column":40},"end":{"line":19,"column":null}}],"line":19},"6":{"loc":{"start":{"line":22,"column":26},"end":{"line":22,"column":null}},"type":"cond-expr","locations":[{"start":{"line":22,"column":35},"end":{"line":22,"column":47}},{"start":{"line":22,"column":47},"end":{"line":22,"column":null}}],"line":22},"7":{"loc":{"start":{"line":25,"column":18},"end":{"line":25,"column":null}},"type":"cond-expr","locations":[{"start":{"line":25,"column":27},"end":{"line":25,"column":39}},{"start":{"line":25,"column":39},"end":{"line":25,"column":null}}],"line":25},"8":{"loc":{"start":{"line":26,"column":20},"end":{"line":26,"column":null}},"type":"cond-expr","locations":[{"start":{"line":26,"column":29},"end":{"line":26,"column":41}},{"start":{"line":26,"column":41},"end":{"line":26,"column":null}}],"line":26},"9":{"loc":{"start":{"line":29,"column":20},"end":{"line":29,"column":null}},"type":"cond-expr","locations":[{"start":{"line":29,"column":29},"end":{"line":29,"column":41}},{"start":{"line":29,"column":41},"end":{"line":29,"column":null}}],"line":29},"10":{"loc":{"start":{"line":30,"column":27},"end":{"line":30,"column":null}},"type":"cond-expr","locations":[{"start":{"line":30,"column":36},"end":{"line":30,"column":48}},{"start":{"line":30,"column":48},"end":{"line":30,"column":null}}],"line":30},"11":{"loc":{"start":{"line":31,"column":28},"end":{"line":31,"column":null}},"type":"cond-expr","locations":[{"start":{"line":31,"column":37},"end":{"line":31,"column":49}},{"start":{"line":31,"column":49},"end":{"line":31,"column":null}}],"line":31},"12":{"loc":{"start":{"line":32,"column":23},"end":{"line":32,"column":null}},"type":"cond-expr","locations":[{"start":{"line":32,"column":32},"end":{"line":32,"column":44}},{"start":{"line":32,"column":44},"end":{"line":32,"column":null}}],"line":32}},"s":{"0":1,"1":2,"2":2},"f":{"0":2},"b":{"0":[1,1],"1":[1,1],"2":[1,1],"3":[1,1],"4":[1,1],"5":[1,1],"6":[1,1],"7":[1,1],"8":[1,1],"9":[1,1],"10":[1,1],"11":[1,1],"12":[1,1]},"meta":{"lastBranch":13,"lastFunction":1,"lastStatement":3,"seen":{"s:3:13:35:Infinity":0,"f:3:13:3:29":0,"s:4:17:4:Infinity":1,"s:6:2:35:Infinity":2,"b:7:24:7:46:7:46:7:Infinity":0,"b:10:28:10:40:10:40:10:Infinity":1,"b:11:30:11:42:11:42:11:Infinity":2,"b:17:27:17:39:17:39:17:Infinity":3,"b:18:25:18:37:18:37:18:Infinity":4,"b:19:28:19:40:19:40:19:Infinity":5,"b:22:35:22:47:22:47:22:Infinity":6,"b:25:27:25:39:25:39:25:Infinity":7,"b:26:29:26:41:26:41:26:Infinity":8,"b:29:29:29:41:29:41:29:Infinity":9,"b:30:36:30:48:30:48:30:Infinity":10,"b:31:37:31:49:31:49:31:Infinity":11,"b:32:32:32:44:32:44:32:Infinity":12}}}
,"D:\\diplomm\\frontend\\src\\utils\\download.ts": {"path":"D:\\diplomm\\frontend\\src\\utils\\download.ts","statementMap":{"0":{"start":{"line":4,"column":19},"end":{"line":4,"column":64}},"1":{"start":{"line":5,"column":20},"end":{"line":5,"column":54}},"2":{"start":{"line":6,"column":17},"end":{"line":6,"column":44}},"3":{"start":{"line":7,"column":2},"end":{"line":7,"column":null}},"4":{"start":{"line":8,"column":2},"end":{"line":8,"column":null}},"5":{"start":{"line":9,"column":2},"end":{"line":9,"column":null}},"6":{"start":{"line":10,"column":2},"end":{"line":10,"column":null}},"7":{"start":{"line":11,"column":2},"end":{"line":11,"column":null}},"8":{"start":{"line":12,"column":2},"end":{"line":12,"column":null}}},"fnMap":{"0":{"name":"downloadBlob","decl":{"start":{"line":3,"column":22},"end":{"line":3,"column":35}},"loc":{"start":{"line":3,"column":81},"end":{"line":12,"column":null}},"line":3}},"branchMap":{},"s":{"0":1,"1":1,"2":1,"3":1,"4":1,"5":1,"6":1,"7":1,"8":1},"f":{"0":1},"b":{},"meta":{"lastBranch":0,"lastFunction":1,"lastStatement":9,"seen":{"f:3:22:3:35":0,"s:4:19:4:64":0,"s:5:20:5:54":1,"s:6:17:6:44":2,"s:7:2:7:Infinity":3,"s:8:2:8:Infinity":4,"s:9:2:9:Infinity":5,"s:10:2:10:Infinity":6,"s:11:2:11:Infinity":7,"s:12:2:12:Infinity":8}}}
}
